13:18:04 **** Incremental Build of configuration Release for project DANI ****
"C:\\PROGRAMAS\\Sloeber\\arduinoPlugin\\tools\\make\\make" all 
'Building target: DANI'
'Printing size:'
"C:\PROGRAMAS\Sloeber\arduinoPlugin\packages\arduino\tools\avr-gcc\7.3.0-atmel3.6.1-arduino7/bin/avr-size" -A "C:\GOOGLE_DRIVE\GDRIVE\TONI\PROY\GITHUB\DANI\ECLIPSE_SLOEBER\DANI\DANI\Release/DANI.elf"
C:\GOOGLE_DRIVE\GDRIVE\TONI\PROY\GITHUB\DANI\ECLIPSE_SLOEBER\DANI\DANI\Release/DANI.elf  :
section                      size      addr
.data                        1002   8389120
.text                       39170         0
.bss                         4637   8390122
.comment                       17         0
.note.gnu.avr.deviceinfo       64         0
.debug_aranges                568         0
.debug_info                 97923         0
.debug_abbrev                7212         0
.debug_line                 25252         0
.debug_frame                 8304         0
.debug_str                  22620         0
.debug_loc                  71150         0
.debug_ranges                4088         0
Total                      282007


'Finished building target: DANI'
' '

13:18:06 Build Finished. 0 errors, 0 warnings. (took 2s.208ms)

