11:03:14 **** Build of configuration Release for project DANI ****
"D:\\PROGRAMAS\\Sloeber\\arduinoPlugin\\tools\\make\\make" all 
'Building file: ..\sloeber.ino.cpp'
'Starting C++ compile'
"D:\PROGRAMAS\Sloeber\arduinoPlugin\packages\arduino\tools\avr-gcc\7.3.0-atmel3.6.1-arduino7/bin/avr-g++" -c -g -Os -w -std=gnu++11 -fpermissive -fno-exceptions -ffunction-sections -fdata-sections -fno-threadsafe-statics -Wno-error=narrowing -MMD -flto -mmcu=atmega2560 -DF_CPU=16000000L -DARDUINO=10812 -DARDUINO_AVR_MEGA2560 -DARDUINO_ARCH_AVR     -I"D:\PROGRAMAS\Sloeber\arduinoPlugin\packages\arduino\hardware\avr\1.8.5\cores\arduino" -I"D:\PROGRAMAS\Sloeber\arduinoPlugin\packages\arduino\hardware\avr\1.8.5\variants\mega" -I"C:\Users\antonio\Documents\Arduino\libraries\Servo\src" -MMD -MP -MF"sloeber.ino.cpp.d" -MT"sloeber.ino.cpp.o" -D__IN_ECLIPSE__=1 -x c++ "..\sloeber.ino.cpp"   -o "sloeber.ino.cpp.o"
'Finished building: ..\sloeber.ino.cpp'
' '
'Building file: C:\Users\antonio\Documents\Arduino\libraries\Servo\src\stm32f4\Servo.cpp'
'Starting C++ compile'
"D:\PROGRAMAS\Sloeber\arduinoPlugin\packages\arduino\tools\avr-gcc\7.3.0-atmel3.6.1-arduino7/bin/avr-g++" -c -g -Os -w -std=gnu++11 -fpermissive -fno-exceptions -ffunction-sections -fdata-sections -fno-threadsafe-statics -Wno-error=narrowing -MMD -flto -mmcu=atmega2560 -DF_CPU=16000000L -DARDUINO=10812 -DARDUINO_AVR_MEGA2560 -DARDUINO_ARCH_AVR     -I"D:\PROGRAMAS\Sloeber\arduinoPlugin\packages\arduino\hardware\avr\1.8.5\cores\arduino" -I"D:\PROGRAMAS\Sloeber\arduinoPlugin\packages\arduino\hardware\avr\1.8.5\variants\mega" -I"C:\Users\antonio\Documents\Arduino\libraries\Servo\src" -MMD -MP -MF"libraries\Servo\src\stm32f4\Servo.cpp.d" -MT"libraries\Servo\src\stm32f4\Servo.cpp.o" -D__IN_ECLIPSE__=1 -x c++ "C:\Users\antonio\Documents\Arduino\libraries\Servo\src\stm32f4\Servo.cpp"   -o "libraries\Servo\src\stm32f4\Servo.cpp.o"
'Finished building: C:\Users\antonio\Documents\Arduino\libraries\Servo\src\stm32f4\Servo.cpp'
' '
'Building file: C:\Users\antonio\Documents\Arduino\libraries\Servo\src\samd\Servo.cpp'
'Starting C++ compile'
"D:\PROGRAMAS\Sloeber\arduinoPlugin\packages\arduino\tools\avr-gcc\7.3.0-atmel3.6.1-arduino7/bin/avr-g++" -c -g -Os -w -std=gnu++11 -fpermissive -fno-exceptions -ffunction-sections -fdata-sections -fno-threadsafe-statics -Wno-error=narrowing -MMD -flto -mmcu=atmega2560 -DF_CPU=16000000L -DARDUINO=10812 -DARDUINO_AVR_MEGA2560 -DARDUINO_ARCH_AVR     -I"D:\PROGRAMAS\Sloeber\arduinoPlugin\packages\arduino\hardware\avr\1.8.5\cores\arduino" -I"D:\PROGRAMAS\Sloeber\arduinoPlugin\packages\arduino\hardware\avr\1.8.5\variants\mega" -I"C:\Users\antonio\Documents\Arduino\libraries\Servo\src" -MMD -MP -MF"libraries\Servo\src\samd\Servo.cpp.d" -MT"libraries\Servo\src\samd\Servo.cpp.o" -D__IN_ECLIPSE__=1 -x c++ "C:\Users\antonio\Documents\Arduino\libraries\Servo\src\samd\Servo.cpp"   -o "libraries\Servo\src\samd\Servo.cpp.o"
'Finished building: C:\Users\antonio\Documents\Arduino\libraries\Servo\src\samd\Servo.cpp'
' '
'Building file: C:\Users\antonio\Documents\Arduino\libraries\Servo\src\sam\Servo.cpp'
'Starting C++ compile'
"D:\PROGRAMAS\Sloeber\arduinoPlugin\packages\arduino\tools\avr-gcc\7.3.0-atmel3.6.1-arduino7/bin/avr-g++" -c -g -Os -w -std=gnu++11 -fpermissive -fno-exceptions -ffunction-sections -fdata-sections -fno-threadsafe-statics -Wno-error=narrowing -MMD -flto -mmcu=atmega2560 -DF_CPU=16000000L -DARDUINO=10812 -DARDUINO_AVR_MEGA2560 -DARDUINO_ARCH_AVR     -I"D:\PROGRAMAS\Sloeber\arduinoPlugin\packages\arduino\hardware\avr\1.8.5\cores\arduino" -I"D:\PROGRAMAS\Sloeber\arduinoPlugin\packages\arduino\hardware\avr\1.8.5\variants\mega" -I"C:\Users\antonio\Documents\Arduino\libraries\Servo\src" -MMD -MP -MF"libraries\Servo\src\sam\Servo.cpp.d" -MT"libraries\Servo\src\sam\Servo.cpp.o" -D__IN_ECLIPSE__=1 -x c++ "C:\Users\antonio\Documents\Arduino\libraries\Servo\src\sam\Servo.cpp"   -o "libraries\Servo\src\sam\Servo.cpp.o"
'Finished building: C:\Users\antonio\Documents\Arduino\libraries\Servo\src\sam\Servo.cpp'
' '
'Building file: C:\Users\antonio\Documents\Arduino\libraries\Servo\src\nrf52\Servo.cpp'
'Starting C++ compile'
"D:\PROGRAMAS\Sloeber\arduinoPlugin\packages\arduino\tools\avr-gcc\7.3.0-atmel3.6.1-arduino7/bin/avr-g++" -c -g -Os -w -std=gnu++11 -fpermissive -fno-exceptions -ffunction-sections -fdata-sections -fno-threadsafe-statics -Wno-error=narrowing -MMD -flto -mmcu=atmega2560 -DF_CPU=16000000L -DARDUINO=10812 -DARDUINO_AVR_MEGA2560 -DARDUINO_ARCH_AVR     -I"D:\PROGRAMAS\Sloeber\arduinoPlugin\packages\arduino\hardware\avr\1.8.5\cores\arduino" -I"D:\PROGRAMAS\Sloeber\arduinoPlugin\packages\arduino\hardware\avr\1.8.5\variants\mega" -I"C:\Users\antonio\Documents\Arduino\libraries\Servo\src" -MMD -MP -MF"libraries\Servo\src\nrf52\Servo.cpp.d" -MT"libraries\Servo\src\nrf52\Servo.cpp.o" -D__IN_ECLIPSE__=1 -x c++ "C:\Users\antonio\Documents\Arduino\libraries\Servo\src\nrf52\Servo.cpp"   -o "libraries\Servo\src\nrf52\Servo.cpp.o"
'Finished building: C:\Users\antonio\Documents\Arduino\libraries\Servo\src\nrf52\Servo.cpp'
' '
'Building file: C:\Users\antonio\Documents\Arduino\libraries\Servo\src\megaavr\Servo.cpp'
'Starting C++ compile'
"D:\PROGRAMAS\Sloeber\arduinoPlugin\packages\arduino\tools\avr-gcc\7.3.0-atmel3.6.1-arduino7/bin/avr-g++" -c -g -Os -w -std=gnu++11 -fpermissive -fno-exceptions -ffunction-sections -fdata-sections -fno-threadsafe-statics -Wno-error=narrowing -MMD -flto -mmcu=atmega2560 -DF_CPU=16000000L -DARDUINO=10812 -DARDUINO_AVR_MEGA2560 -DARDUINO_ARCH_AVR     -I"D:\PROGRAMAS\Sloeber\arduinoPlugin\packages\arduino\hardware\avr\1.8.5\cores\arduino" -I"D:\PROGRAMAS\Sloeber\arduinoPlugin\packages\arduino\hardware\avr\1.8.5\variants\mega" -I"C:\Users\antonio\Documents\Arduino\libraries\Servo\src" -MMD -MP -MF"libraries\Servo\src\megaavr\Servo.cpp.d" -MT"libraries\Servo\src\megaavr\Servo.cpp.o" -D__IN_ECLIPSE__=1 -x c++ "C:\Users\antonio\Documents\Arduino\libraries\Servo\src\megaavr\Servo.cpp"   -o "libraries\Servo\src\megaavr\Servo.cpp.o"
'Finished building: C:\Users\antonio\Documents\Arduino\libraries\Servo\src\megaavr\Servo.cpp'
' '
'Building file: C:\Users\antonio\Documents\Arduino\libraries\Servo\src\mbed\Servo.cpp'
'Starting C++ compile'
"D:\PROGRAMAS\Sloeber\arduinoPlugin\packages\arduino\tools\avr-gcc\7.3.0-atmel3.6.1-arduino7/bin/avr-g++" -c -g -Os -w -std=gnu++11 -fpermissive -fno-exceptions -ffunction-sections -fdata-sections -fno-threadsafe-statics -Wno-error=narrowing -MMD -flto -mmcu=atmega2560 -DF_CPU=16000000L -DARDUINO=10812 -DARDUINO_AVR_MEGA2560 -DARDUINO_ARCH_AVR     -I"D:\PROGRAMAS\Sloeber\arduinoPlugin\packages\arduino\hardware\avr\1.8.5\cores\arduino" -I"D:\PROGRAMAS\Sloeber\arduinoPlugin\packages\arduino\hardware\avr\1.8.5\variants\mega" -I"C:\Users\antonio\Documents\Arduino\libraries\Servo\src" -MMD -MP -MF"libraries\Servo\src\mbed\Servo.cpp.d" -MT"libraries\Servo\src\mbed\Servo.cpp.o" -D__IN_ECLIPSE__=1 -x c++ "C:\Users\antonio\Documents\Arduino\libraries\Servo\src\mbed\Servo.cpp"   -o "libraries\Servo\src\mbed\Servo.cpp.o"
'Finished building: C:\Users\antonio\Documents\Arduino\libraries\Servo\src\mbed\Servo.cpp'
' '
'Building file: C:\Users\antonio\Documents\Arduino\libraries\Servo\src\avr\Servo.cpp'
'Starting C++ compile'
"D:\PROGRAMAS\Sloeber\arduinoPlugin\packages\arduino\tools\avr-gcc\7.3.0-atmel3.6.1-arduino7/bin/avr-g++" -c -g -Os -w -std=gnu++11 -fpermissive -fno-exceptions -ffunction-sections -fdata-sections -fno-threadsafe-statics -Wno-error=narrowing -MMD -flto -mmcu=atmega2560 -DF_CPU=16000000L -DARDUINO=10812 -DARDUINO_AVR_MEGA2560 -DARDUINO_ARCH_AVR     -I"D:\PROGRAMAS\Sloeber\arduinoPlugin\packages\arduino\hardware\avr\1.8.5\cores\arduino" -I"D:\PROGRAMAS\Sloeber\arduinoPlugin\packages\arduino\hardware\avr\1.8.5\variants\mega" -I"C:\Users\antonio\Documents\Arduino\libraries\Servo\src" -MMD -MP -MF"libraries\Servo\src\avr\Servo.cpp.d" -MT"libraries\Servo\src\avr\Servo.cpp.o" -D__IN_ECLIPSE__=1 -x c++ "C:\Users\antonio\Documents\Arduino\libraries\Servo\src\avr\Servo.cpp"   -o "libraries\Servo\src\avr\Servo.cpp.o"
'Finished building: C:\Users\antonio\Documents\Arduino\libraries\Servo\src\avr\Servo.cpp'
' '
'Building file: D:\PROGRAMAS\Sloeber\arduinoPlugin\packages\arduino\hardware\avr\1.8.5\cores\arduino\CDC.cpp'
'Starting C++ compile'
"D:\PROGRAMAS\Sloeber\arduinoPlugin\packages\arduino\tools\avr-gcc\7.3.0-atmel3.6.1-arduino7/bin/avr-g++" -c -g -Os -w -std=gnu++11 -fpermissive -fno-exceptions -ffunction-sections -fdata-sections -fno-threadsafe-statics -Wno-error=narrowing -MMD -flto -mmcu=atmega2560 -DF_CPU=16000000L -DARDUINO=10812 -DARDUINO_AVR_MEGA2560 -DARDUINO_ARCH_AVR     -I"D:\PROGRAMAS\Sloeber\arduinoPlugin\packages\arduino\hardware\avr\1.8.5\cores\arduino" -I"D:\PROGRAMAS\Sloeber\arduinoPlugin\packages\arduino\hardware\avr\1.8.5\variants\mega" -I"C:\Users\antonio\Documents\Arduino\libraries\Servo\src" -MMD -MP -MF"core\core\CDC.cpp.d" -MT"core\core\CDC.cpp.o" -D__IN_ECLIPSE__=1 -x c++ "D:\PROGRAMAS\Sloeber\arduinoPlugin\packages\arduino\hardware\avr\1.8.5\cores\arduino\CDC.cpp"   -o "core\core\CDC.cpp.o"
'Finished building: D:\PROGRAMAS\Sloeber\arduinoPlugin\packages\arduino\hardware\avr\1.8.5\cores\arduino\CDC.cpp'
' '
'Building file: D:\PROGRAMAS\Sloeber\arduinoPlugin\packages\arduino\hardware\avr\1.8.5\cores\arduino\HardwareSerial.cpp'
'Starting C++ compile'
"D:\PROGRAMAS\Sloeber\arduinoPlugin\packages\arduino\tools\avr-gcc\7.3.0-atmel3.6.1-arduino7/bin/avr-g++" -c -g -Os -w -std=gnu++11 -fpermissive -fno-exceptions -ffunction-sections -fdata-sections -fno-threadsafe-statics -Wno-error=narrowing -MMD -flto -mmcu=atmega2560 -DF_CPU=16000000L -DARDUINO=10812 -DARDUINO_AVR_MEGA2560 -DARDUINO_ARCH_AVR     -I"D:\PROGRAMAS\Sloeber\arduinoPlugin\packages\arduino\hardware\avr\1.8.5\cores\arduino" -I"D:\PROGRAMAS\Sloeber\arduinoPlugin\packages\arduino\hardware\avr\1.8.5\variants\mega" -I"C:\Users\antonio\Documents\Arduino\libraries\Servo\src" -MMD -MP -MF"core\core\HardwareSerial.cpp.d" -MT"core\core\HardwareSerial.cpp.o" -D__IN_ECLIPSE__=1 -x c++ "D:\PROGRAMAS\Sloeber\arduinoPlugin\packages\arduino\hardware\avr\1.8.5\cores\arduino\HardwareSerial.cpp"   -o "core\core\HardwareSerial.cpp.o"
'Finished building: D:\PROGRAMAS\Sloeber\arduinoPlugin\packages\arduino\hardware\avr\1.8.5\cores\arduino\HardwareSerial.cpp'
' '
'Building file: D:\PROGRAMAS\Sloeber\arduinoPlugin\packages\arduino\hardware\avr\1.8.5\cores\arduino\HardwareSerial0.cpp'
'Starting C++ compile'
"D:\PROGRAMAS\Sloeber\arduinoPlugin\packages\arduino\tools\avr-gcc\7.3.0-atmel3.6.1-arduino7/bin/avr-g++" -c -g -Os -w -std=gnu++11 -fpermissive -fno-exceptions -ffunction-sections -fdata-sections -fno-threadsafe-statics -Wno-error=narrowing -MMD -flto -mmcu=atmega2560 -DF_CPU=16000000L -DARDUINO=10812 -DARDUINO_AVR_MEGA2560 -DARDUINO_ARCH_AVR     -I"D:\PROGRAMAS\Sloeber\arduinoPlugin\packages\arduino\hardware\avr\1.8.5\cores\arduino" -I"D:\PROGRAMAS\Sloeber\arduinoPlugin\packages\arduino\hardware\avr\1.8.5\variants\mega" -I"C:\Users\antonio\Documents\Arduino\libraries\Servo\src" -MMD -MP -MF"core\core\HardwareSerial0.cpp.d" -MT"core\core\HardwareSerial0.cpp.o" -D__IN_ECLIPSE__=1 -x c++ "D:\PROGRAMAS\Sloeber\arduinoPlugin\packages\arduino\hardware\avr\1.8.5\cores\arduino\HardwareSerial0.cpp"   -o "core\core\HardwareSerial0.cpp.o"
'Finished building: D:\PROGRAMAS\Sloeber\arduinoPlugin\packages\arduino\hardware\avr\1.8.5\cores\arduino\HardwareSerial0.cpp'
' '
'Building file: D:\PROGRAMAS\Sloeber\arduinoPlugin\packages\arduino\hardware\avr\1.8.5\cores\arduino\HardwareSerial1.cpp'
'Starting C++ compile'
"D:\PROGRAMAS\Sloeber\arduinoPlugin\packages\arduino\tools\avr-gcc\7.3.0-atmel3.6.1-arduino7/bin/avr-g++" -c -g -Os -w -std=gnu++11 -fpermissive -fno-exceptions -ffunction-sections -fdata-sections -fno-threadsafe-statics -Wno-error=narrowing -MMD -flto -mmcu=atmega2560 -DF_CPU=16000000L -DARDUINO=10812 -DARDUINO_AVR_MEGA2560 -DARDUINO_ARCH_AVR     -I"D:\PROGRAMAS\Sloeber\arduinoPlugin\packages\arduino\hardware\avr\1.8.5\cores\arduino" -I"D:\PROGRAMAS\Sloeber\arduinoPlugin\packages\arduino\hardware\avr\1.8.5\variants\mega" -I"C:\Users\antonio\Documents\Arduino\libraries\Servo\src" -MMD -MP -MF"core\core\HardwareSerial1.cpp.d" -MT"core\core\HardwareSerial1.cpp.o" -D__IN_ECLIPSE__=1 -x c++ "D:\PROGRAMAS\Sloeber\arduinoPlugin\packages\arduino\hardware\avr\1.8.5\cores\arduino\HardwareSerial1.cpp"   -o "core\core\HardwareSerial1.cpp.o"
'Finished building: D:\PROGRAMAS\Sloeber\arduinoPlugin\packages\arduino\hardware\avr\1.8.5\cores\arduino\HardwareSerial1.cpp'
' '
'Building file: D:\PROGRAMAS\Sloeber\arduinoPlugin\packages\arduino\hardware\avr\1.8.5\cores\arduino\HardwareSerial2.cpp'
'Starting C++ compile'
"D:\PROGRAMAS\Sloeber\arduinoPlugin\packages\arduino\tools\avr-gcc\7.3.0-atmel3.6.1-arduino7/bin/avr-g++" -c -g -Os -w -std=gnu++11 -fpermissive -fno-exceptions -ffunction-sections -fdata-sections -fno-threadsafe-statics -Wno-error=narrowing -MMD -flto -mmcu=atmega2560 -DF_CPU=16000000L -DARDUINO=10812 -DARDUINO_AVR_MEGA2560 -DARDUINO_ARCH_AVR     -I"D:\PROGRAMAS\Sloeber\arduinoPlugin\packages\arduino\hardware\avr\1.8.5\cores\arduino" -I"D:\PROGRAMAS\Sloeber\arduinoPlugin\packages\arduino\hardware\avr\1.8.5\variants\mega" -I"C:\Users\antonio\Documents\Arduino\libraries\Servo\src" -MMD -MP -MF"core\core\HardwareSerial2.cpp.d" -MT"core\core\HardwareSerial2.cpp.o" -D__IN_ECLIPSE__=1 -x c++ "D:\PROGRAMAS\Sloeber\arduinoPlugin\packages\arduino\hardware\avr\1.8.5\cores\arduino\HardwareSerial2.cpp"   -o "core\core\HardwareSerial2.cpp.o"
'Finished building: D:\PROGRAMAS\Sloeber\arduinoPlugin\packages\arduino\hardware\avr\1.8.5\cores\arduino\HardwareSerial2.cpp'
' '
'Building file: D:\PROGRAMAS\Sloeber\arduinoPlugin\packages\arduino\hardware\avr\1.8.5\cores\arduino\HardwareSerial3.cpp'
'Starting C++ compile'
"D:\PROGRAMAS\Sloeber\arduinoPlugin\packages\arduino\tools\avr-gcc\7.3.0-atmel3.6.1-arduino7/bin/avr-g++" -c -g -Os -w -std=gnu++11 -fpermissive -fno-exceptions -ffunction-sections -fdata-sections -fno-threadsafe-statics -Wno-error=narrowing -MMD -flto -mmcu=atmega2560 -DF_CPU=16000000L -DARDUINO=10812 -DARDUINO_AVR_MEGA2560 -DARDUINO_ARCH_AVR     -I"D:\PROGRAMAS\Sloeber\arduinoPlugin\packages\arduino\hardware\avr\1.8.5\cores\arduino" -I"D:\PROGRAMAS\Sloeber\arduinoPlugin\packages\arduino\hardware\avr\1.8.5\variants\mega" -I"C:\Users\antonio\Documents\Arduino\libraries\Servo\src" -MMD -MP -MF"core\core\HardwareSerial3.cpp.d" -MT"core\core\HardwareSerial3.cpp.o" -D__IN_ECLIPSE__=1 -x c++ "D:\PROGRAMAS\Sloeber\arduinoPlugin\packages\arduino\hardware\avr\1.8.5\cores\arduino\HardwareSerial3.cpp"   -o "core\core\HardwareSerial3.cpp.o"
'Finished building: D:\PROGRAMAS\Sloeber\arduinoPlugin\packages\arduino\hardware\avr\1.8.5\cores\arduino\HardwareSerial3.cpp'
' '
'Building file: D:\PROGRAMAS\Sloeber\arduinoPlugin\packages\arduino\hardware\avr\1.8.5\cores\arduino\IPAddress.cpp'
'Starting C++ compile'
"D:\PROGRAMAS\Sloeber\arduinoPlugin\packages\arduino\tools\avr-gcc\7.3.0-atmel3.6.1-arduino7/bin/avr-g++" -c -g -Os -w -std=gnu++11 -fpermissive -fno-exceptions -ffunction-sections -fdata-sections -fno-threadsafe-statics -Wno-error=narrowing -MMD -flto -mmcu=atmega2560 -DF_CPU=16000000L -DARDUINO=10812 -DARDUINO_AVR_MEGA2560 -DARDUINO_ARCH_AVR     -I"D:\PROGRAMAS\Sloeber\arduinoPlugin\packages\arduino\hardware\avr\1.8.5\cores\arduino" -I"D:\PROGRAMAS\Sloeber\arduinoPlugin\packages\arduino\hardware\avr\1.8.5\variants\mega" -I"C:\Users\antonio\Documents\Arduino\libraries\Servo\src" -MMD -MP -MF"core\core\IPAddress.cpp.d" -MT"core\core\IPAddress.cpp.o" -D__IN_ECLIPSE__=1 -x c++ "D:\PROGRAMAS\Sloeber\arduinoPlugin\packages\arduino\hardware\avr\1.8.5\cores\arduino\IPAddress.cpp"   -o "core\core\IPAddress.cpp.o"
'Finished building: D:\PROGRAMAS\Sloeber\arduinoPlugin\packages\arduino\hardware\avr\1.8.5\cores\arduino\IPAddress.cpp'
' '
'Building file: D:\PROGRAMAS\Sloeber\arduinoPlugin\packages\arduino\hardware\avr\1.8.5\cores\arduino\PluggableUSB.cpp'
'Starting C++ compile'
"D:\PROGRAMAS\Sloeber\arduinoPlugin\packages\arduino\tools\avr-gcc\7.3.0-atmel3.6.1-arduino7/bin/avr-g++" -c -g -Os -w -std=gnu++11 -fpermissive -fno-exceptions -ffunction-sections -fdata-sections -fno-threadsafe-statics -Wno-error=narrowing -MMD -flto -mmcu=atmega2560 -DF_CPU=16000000L -DARDUINO=10812 -DARDUINO_AVR_MEGA2560 -DARDUINO_ARCH_AVR     -I"D:\PROGRAMAS\Sloeber\arduinoPlugin\packages\arduino\hardware\avr\1.8.5\cores\arduino" -I"D:\PROGRAMAS\Sloeber\arduinoPlugin\packages\arduino\hardware\avr\1.8.5\variants\mega" -I"C:\Users\antonio\Documents\Arduino\libraries\Servo\src" -MMD -MP -MF"core\core\PluggableUSB.cpp.d" -MT"core\core\PluggableUSB.cpp.o" -D__IN_ECLIPSE__=1 -x c++ "D:\PROGRAMAS\Sloeber\arduinoPlugin\packages\arduino\hardware\avr\1.8.5\cores\arduino\PluggableUSB.cpp"   -o "core\core\PluggableUSB.cpp.o"
'Finished building: D:\PROGRAMAS\Sloeber\arduinoPlugin\packages\arduino\hardware\avr\1.8.5\cores\arduino\PluggableUSB.cpp'
' '
'Building file: D:\PROGRAMAS\Sloeber\arduinoPlugin\packages\arduino\hardware\avr\1.8.5\cores\arduino\Print.cpp'
'Starting C++ compile'
"D:\PROGRAMAS\Sloeber\arduinoPlugin\packages\arduino\tools\avr-gcc\7.3.0-atmel3.6.1-arduino7/bin/avr-g++" -c -g -Os -w -std=gnu++11 -fpermissive -fno-exceptions -ffunction-sections -fdata-sections -fno-threadsafe-statics -Wno-error=narrowing -MMD -flto -mmcu=atmega2560 -DF_CPU=16000000L -DARDUINO=10812 -DARDUINO_AVR_MEGA2560 -DARDUINO_ARCH_AVR     -I"D:\PROGRAMAS\Sloeber\arduinoPlugin\packages\arduino\hardware\avr\1.8.5\cores\arduino" -I"D:\PROGRAMAS\Sloeber\arduinoPlugin\packages\arduino\hardware\avr\1.8.5\variants\mega" -I"C:\Users\antonio\Documents\Arduino\libraries\Servo\src" -MMD -MP -MF"core\core\Print.cpp.d" -MT"core\core\Print.cpp.o" -D__IN_ECLIPSE__=1 -x c++ "D:\PROGRAMAS\Sloeber\arduinoPlugin\packages\arduino\hardware\avr\1.8.5\cores\arduino\Print.cpp"   -o "core\core\Print.cpp.o"
'Finished building: D:\PROGRAMAS\Sloeber\arduinoPlugin\packages\arduino\hardware\avr\1.8.5\cores\arduino\Print.cpp'
' '
'Building file: D:\PROGRAMAS\Sloeber\arduinoPlugin\packages\arduino\hardware\avr\1.8.5\cores\arduino\Stream.cpp'
'Starting C++ compile'
"D:\PROGRAMAS\Sloeber\arduinoPlugin\packages\arduino\tools\avr-gcc\7.3.0-atmel3.6.1-arduino7/bin/avr-g++" -c -g -Os -w -std=gnu++11 -fpermissive -fno-exceptions -ffunction-sections -fdata-sections -fno-threadsafe-statics -Wno-error=narrowing -MMD -flto -mmcu=atmega2560 -DF_CPU=16000000L -DARDUINO=10812 -DARDUINO_AVR_MEGA2560 -DARDUINO_ARCH_AVR     -I"D:\PROGRAMAS\Sloeber\arduinoPlugin\packages\arduino\hardware\avr\1.8.5\cores\arduino" -I"D:\PROGRAMAS\Sloeber\arduinoPlugin\packages\arduino\hardware\avr\1.8.5\variants\mega" -I"C:\Users\antonio\Documents\Arduino\libraries\Servo\src" -MMD -MP -MF"core\core\Stream.cpp.d" -MT"core\core\Stream.cpp.o" -D__IN_ECLIPSE__=1 -x c++ "D:\PROGRAMAS\Sloeber\arduinoPlugin\packages\arduino\hardware\avr\1.8.5\cores\arduino\Stream.cpp"   -o "core\core\Stream.cpp.o"
'Finished building: D:\PROGRAMAS\Sloeber\arduinoPlugin\packages\arduino\hardware\avr\1.8.5\cores\arduino\Stream.cpp'
' '
'Building file: D:\PROGRAMAS\Sloeber\arduinoPlugin\packages\arduino\hardware\avr\1.8.5\cores\arduino\Tone.cpp'
'Starting C++ compile'
"D:\PROGRAMAS\Sloeber\arduinoPlugin\packages\arduino\tools\avr-gcc\7.3.0-atmel3.6.1-arduino7/bin/avr-g++" -c -g -Os -w -std=gnu++11 -fpermissive -fno-exceptions -ffunction-sections -fdata-sections -fno-threadsafe-statics -Wno-error=narrowing -MMD -flto -mmcu=atmega2560 -DF_CPU=16000000L -DARDUINO=10812 -DARDUINO_AVR_MEGA2560 -DARDUINO_ARCH_AVR     -I"D:\PROGRAMAS\Sloeber\arduinoPlugin\packages\arduino\hardware\avr\1.8.5\cores\arduino" -I"D:\PROGRAMAS\Sloeber\arduinoPlugin\packages\arduino\hardware\avr\1.8.5\variants\mega" -I"C:\Users\antonio\Documents\Arduino\libraries\Servo\src" -MMD -MP -MF"core\core\Tone.cpp.d" -MT"core\core\Tone.cpp.o" -D__IN_ECLIPSE__=1 -x c++ "D:\PROGRAMAS\Sloeber\arduinoPlugin\packages\arduino\hardware\avr\1.8.5\cores\arduino\Tone.cpp"   -o "core\core\Tone.cpp.o"
'Finished building: D:\PROGRAMAS\Sloeber\arduinoPlugin\packages\arduino\hardware\avr\1.8.5\cores\arduino\Tone.cpp'
' '
'Building file: D:\PROGRAMAS\Sloeber\arduinoPlugin\packages\arduino\hardware\avr\1.8.5\cores\arduino\USBCore.cpp'
'Starting C++ compile'
"D:\PROGRAMAS\Sloeber\arduinoPlugin\packages\arduino\tools\avr-gcc\7.3.0-atmel3.6.1-arduino7/bin/avr-g++" -c -g -Os -w -std=gnu++11 -fpermissive -fno-exceptions -ffunction-sections -fdata-sections -fno-threadsafe-statics -Wno-error=narrowing -MMD -flto -mmcu=atmega2560 -DF_CPU=16000000L -DARDUINO=10812 -DARDUINO_AVR_MEGA2560 -DARDUINO_ARCH_AVR     -I"D:\PROGRAMAS\Sloeber\arduinoPlugin\packages\arduino\hardware\avr\1.8.5\cores\arduino" -I"D:\PROGRAMAS\Sloeber\arduinoPlugin\packages\arduino\hardware\avr\1.8.5\variants\mega" -I"C:\Users\antonio\Documents\Arduino\libraries\Servo\src" -MMD -MP -MF"core\core\USBCore.cpp.d" -MT"core\core\USBCore.cpp.o" -D__IN_ECLIPSE__=1 -x c++ "D:\PROGRAMAS\Sloeber\arduinoPlugin\packages\arduino\hardware\avr\1.8.5\cores\arduino\USBCore.cpp"   -o "core\core\USBCore.cpp.o"
'Finished building: D:\PROGRAMAS\Sloeber\arduinoPlugin\packages\arduino\hardware\avr\1.8.5\cores\arduino\USBCore.cpp'
' '
'Building file: D:\PROGRAMAS\Sloeber\arduinoPlugin\packages\arduino\hardware\avr\1.8.5\cores\arduino\WInterrupts.c'
'Starting C compile'
"D:\PROGRAMAS\Sloeber\arduinoPlugin\packages\arduino\tools\avr-gcc\7.3.0-atmel3.6.1-arduino7/bin/avr-gcc" -c -g -Os -w -std=gnu11 -ffunction-sections -fdata-sections -MMD -flto -fno-fat-lto-objects -mmcu=atmega2560 -DF_CPU=16000000L -DARDUINO=10812 -DARDUINO_AVR_MEGA2560 -DARDUINO_ARCH_AVR     -I"D:\PROGRAMAS\Sloeber\arduinoPlugin\packages\arduino\hardware\avr\1.8.5\cores\arduino" -I"D:\PROGRAMAS\Sloeber\arduinoPlugin\packages\arduino\hardware\avr\1.8.5\variants\mega" -I"C:\Users\antonio\Documents\Arduino\libraries\Servo\src" -MMD -MP -MF"core\core\WInterrupts.c.d" -MT"core\core\WInterrupts.c.o" -D__IN_ECLIPSE__=1 "D:\PROGRAMAS\Sloeber\arduinoPlugin\packages\arduino\hardware\avr\1.8.5\cores\arduino\WInterrupts.c"   -o "core\core\WInterrupts.c.o"
'Finished building: D:\PROGRAMAS\Sloeber\arduinoPlugin\packages\arduino\hardware\avr\1.8.5\cores\arduino\WInterrupts.c'
' '
'Building file: D:\PROGRAMAS\Sloeber\arduinoPlugin\packages\arduino\hardware\avr\1.8.5\cores\arduino\WMath.cpp'
'Starting C++ compile'
"D:\PROGRAMAS\Sloeber\arduinoPlugin\packages\arduino\tools\avr-gcc\7.3.0-atmel3.6.1-arduino7/bin/avr-g++" -c -g -Os -w -std=gnu++11 -fpermissive -fno-exceptions -ffunction-sections -fdata-sections -fno-threadsafe-statics -Wno-error=narrowing -MMD -flto -mmcu=atmega2560 -DF_CPU=16000000L -DARDUINO=10812 -DARDUINO_AVR_MEGA2560 -DARDUINO_ARCH_AVR     -I"D:\PROGRAMAS\Sloeber\arduinoPlugin\packages\arduino\hardware\avr\1.8.5\cores\arduino" -I"D:\PROGRAMAS\Sloeber\arduinoPlugin\packages\arduino\hardware\avr\1.8.5\variants\mega" -I"C:\Users\antonio\Documents\Arduino\libraries\Servo\src" -MMD -MP -MF"core\core\WMath.cpp.d" -MT"core\core\WMath.cpp.o" -D__IN_ECLIPSE__=1 -x c++ "D:\PROGRAMAS\Sloeber\arduinoPlugin\packages\arduino\hardware\avr\1.8.5\cores\arduino\WMath.cpp"   -o "core\core\WMath.cpp.o"
'Finished building: D:\PROGRAMAS\Sloeber\arduinoPlugin\packages\arduino\hardware\avr\1.8.5\cores\arduino\WMath.cpp'
' '
'Building file: D:\PROGRAMAS\Sloeber\arduinoPlugin\packages\arduino\hardware\avr\1.8.5\cores\arduino\WString.cpp'
'Starting C++ compile'
"D:\PROGRAMAS\Sloeber\arduinoPlugin\packages\arduino\tools\avr-gcc\7.3.0-atmel3.6.1-arduino7/bin/avr-g++" -c -g -Os -w -std=gnu++11 -fpermissive -fno-exceptions -ffunction-sections -fdata-sections -fno-threadsafe-statics -Wno-error=narrowing -MMD -flto -mmcu=atmega2560 -DF_CPU=16000000L -DARDUINO=10812 -DARDUINO_AVR_MEGA2560 -DARDUINO_ARCH_AVR     -I"D:\PROGRAMAS\Sloeber\arduinoPlugin\packages\arduino\hardware\avr\1.8.5\cores\arduino" -I"D:\PROGRAMAS\Sloeber\arduinoPlugin\packages\arduino\hardware\avr\1.8.5\variants\mega" -I"C:\Users\antonio\Documents\Arduino\libraries\Servo\src" -MMD -MP -MF"core\core\WString.cpp.d" -MT"core\core\WString.cpp.o" -D__IN_ECLIPSE__=1 -x c++ "D:\PROGRAMAS\Sloeber\arduinoPlugin\packages\arduino\hardware\avr\1.8.5\cores\arduino\WString.cpp"   -o "core\core\WString.cpp.o"
'Finished building: D:\PROGRAMAS\Sloeber\arduinoPlugin\packages\arduino\hardware\avr\1.8.5\cores\arduino\WString.cpp'
' '
'Building file: D:\PROGRAMAS\Sloeber\arduinoPlugin\packages\arduino\hardware\avr\1.8.5\cores\arduino\abi.cpp'
'Starting C++ compile'
"D:\PROGRAMAS\Sloeber\arduinoPlugin\packages\arduino\tools\avr-gcc\7.3.0-atmel3.6.1-arduino7/bin/avr-g++" -c -g -Os -w -std=gnu++11 -fpermissive -fno-exceptions -ffunction-sections -fdata-sections -fno-threadsafe-statics -Wno-error=narrowing -MMD -flto -mmcu=atmega2560 -DF_CPU=16000000L -DARDUINO=10812 -DARDUINO_AVR_MEGA2560 -DARDUINO_ARCH_AVR     -I"D:\PROGRAMAS\Sloeber\arduinoPlugin\packages\arduino\hardware\avr\1.8.5\cores\arduino" -I"D:\PROGRAMAS\Sloeber\arduinoPlugin\packages\arduino\hardware\avr\1.8.5\variants\mega" -I"C:\Users\antonio\Documents\Arduino\libraries\Servo\src" -MMD -MP -MF"core\core\abi.cpp.d" -MT"core\core\abi.cpp.o" -D__IN_ECLIPSE__=1 -x c++ "D:\PROGRAMAS\Sloeber\arduinoPlugin\packages\arduino\hardware\avr\1.8.5\cores\arduino\abi.cpp"   -o "core\core\abi.cpp.o"
'Finished building: D:\PROGRAMAS\Sloeber\arduinoPlugin\packages\arduino\hardware\avr\1.8.5\cores\arduino\abi.cpp'
' '
'Building file: D:\PROGRAMAS\Sloeber\arduinoPlugin\packages\arduino\hardware\avr\1.8.5\cores\arduino\hooks.c'
'Starting C compile'
"D:\PROGRAMAS\Sloeber\arduinoPlugin\packages\arduino\tools\avr-gcc\7.3.0-atmel3.6.1-arduino7/bin/avr-gcc" -c -g -Os -w -std=gnu11 -ffunction-sections -fdata-sections -MMD -flto -fno-fat-lto-objects -mmcu=atmega2560 -DF_CPU=16000000L -DARDUINO=10812 -DARDUINO_AVR_MEGA2560 -DARDUINO_ARCH_AVR     -I"D:\PROGRAMAS\Sloeber\arduinoPlugin\packages\arduino\hardware\avr\1.8.5\cores\arduino" -I"D:\PROGRAMAS\Sloeber\arduinoPlugin\packages\arduino\hardware\avr\1.8.5\variants\mega" -I"C:\Users\antonio\Documents\Arduino\libraries\Servo\src" -MMD -MP -MF"core\core\hooks.c.d" -MT"core\core\hooks.c.o" -D__IN_ECLIPSE__=1 "D:\PROGRAMAS\Sloeber\arduinoPlugin\packages\arduino\hardware\avr\1.8.5\cores\arduino\hooks.c"   -o "core\core\hooks.c.o"
'Finished building: D:\PROGRAMAS\Sloeber\arduinoPlugin\packages\arduino\hardware\avr\1.8.5\cores\arduino\hooks.c'
' '
'Building file: D:\PROGRAMAS\Sloeber\arduinoPlugin\packages\arduino\hardware\avr\1.8.5\cores\arduino\main.cpp'
'Starting C++ compile'
"D:\PROGRAMAS\Sloeber\arduinoPlugin\packages\arduino\tools\avr-gcc\7.3.0-atmel3.6.1-arduino7/bin/avr-g++" -c -g -Os -w -std=gnu++11 -fpermissive -fno-exceptions -ffunction-sections -fdata-sections -fno-threadsafe-statics -Wno-error=narrowing -MMD -flto -mmcu=atmega2560 -DF_CPU=16000000L -DARDUINO=10812 -DARDUINO_AVR_MEGA2560 -DARDUINO_ARCH_AVR     -I"D:\PROGRAMAS\Sloeber\arduinoPlugin\packages\arduino\hardware\avr\1.8.5\cores\arduino" -I"D:\PROGRAMAS\Sloeber\arduinoPlugin\packages\arduino\hardware\avr\1.8.5\variants\mega" -I"C:\Users\antonio\Documents\Arduino\libraries\Servo\src" -MMD -MP -MF"core\core\main.cpp.d" -MT"core\core\main.cpp.o" -D__IN_ECLIPSE__=1 -x c++ "D:\PROGRAMAS\Sloeber\arduinoPlugin\packages\arduino\hardware\avr\1.8.5\cores\arduino\main.cpp"   -o "core\core\main.cpp.o"
'Finished building: D:\PROGRAMAS\Sloeber\arduinoPlugin\packages\arduino\hardware\avr\1.8.5\cores\arduino\main.cpp'
' '
'Building file: D:\PROGRAMAS\Sloeber\arduinoPlugin\packages\arduino\hardware\avr\1.8.5\cores\arduino\new.cpp'
'Starting C++ compile'
"D:\PROGRAMAS\Sloeber\arduinoPlugin\packages\arduino\tools\avr-gcc\7.3.0-atmel3.6.1-arduino7/bin/avr-g++" -c -g -Os -w -std=gnu++11 -fpermissive -fno-exceptions -ffunction-sections -fdata-sections -fno-threadsafe-statics -Wno-error=narrowing -MMD -flto -mmcu=atmega2560 -DF_CPU=16000000L -DARDUINO=10812 -DARDUINO_AVR_MEGA2560 -DARDUINO_ARCH_AVR     -I"D:\PROGRAMAS\Sloeber\arduinoPlugin\packages\arduino\hardware\avr\1.8.5\cores\arduino" -I"D:\PROGRAMAS\Sloeber\arduinoPlugin\packages\arduino\hardware\avr\1.8.5\variants\mega" -I"C:\Users\antonio\Documents\Arduino\libraries\Servo\src" -MMD -MP -MF"core\core\new.cpp.d" -MT"core\core\new.cpp.o" -D__IN_ECLIPSE__=1 -x c++ "D:\PROGRAMAS\Sloeber\arduinoPlugin\packages\arduino\hardware\avr\1.8.5\cores\arduino\new.cpp"   -o "core\core\new.cpp.o"
'Finished building: D:\PROGRAMAS\Sloeber\arduinoPlugin\packages\arduino\hardware\avr\1.8.5\cores\arduino\new.cpp'
' '
'Building file: D:\PROGRAMAS\Sloeber\arduinoPlugin\packages\arduino\hardware\avr\1.8.5\cores\arduino\wiring.c'
'Starting C compile'
"D:\PROGRAMAS\Sloeber\arduinoPlugin\packages\arduino\tools\avr-gcc\7.3.0-atmel3.6.1-arduino7/bin/avr-gcc" -c -g -Os -w -std=gnu11 -ffunction-sections -fdata-sections -MMD -flto -fno-fat-lto-objects -mmcu=atmega2560 -DF_CPU=16000000L -DARDUINO=10812 -DARDUINO_AVR_MEGA2560 -DARDUINO_ARCH_AVR     -I"D:\PROGRAMAS\Sloeber\arduinoPlugin\packages\arduino\hardware\avr\1.8.5\cores\arduino" -I"D:\PROGRAMAS\Sloeber\arduinoPlugin\packages\arduino\hardware\avr\1.8.5\variants\mega" -I"C:\Users\antonio\Documents\Arduino\libraries\Servo\src" -MMD -MP -MF"core\core\wiring.c.d" -MT"core\core\wiring.c.o" -D__IN_ECLIPSE__=1 "D:\PROGRAMAS\Sloeber\arduinoPlugin\packages\arduino\hardware\avr\1.8.5\cores\arduino\wiring.c"   -o "core\core\wiring.c.o"
'Finished building: D:\PROGRAMAS\Sloeber\arduinoPlugin\packages\arduino\hardware\avr\1.8.5\cores\arduino\wiring.c'
' '
'Building file: D:\PROGRAMAS\Sloeber\arduinoPlugin\packages\arduino\hardware\avr\1.8.5\cores\arduino\wiring_analog.c'
'Starting C compile'
"D:\PROGRAMAS\Sloeber\arduinoPlugin\packages\arduino\tools\avr-gcc\7.3.0-atmel3.6.1-arduino7/bin/avr-gcc" -c -g -Os -w -std=gnu11 -ffunction-sections -fdata-sections -MMD -flto -fno-fat-lto-objects -mmcu=atmega2560 -DF_CPU=16000000L -DARDUINO=10812 -DARDUINO_AVR_MEGA2560 -DARDUINO_ARCH_AVR     -I"D:\PROGRAMAS\Sloeber\arduinoPlugin\packages\arduino\hardware\avr\1.8.5\cores\arduino" -I"D:\PROGRAMAS\Sloeber\arduinoPlugin\packages\arduino\hardware\avr\1.8.5\variants\mega" -I"C:\Users\antonio\Documents\Arduino\libraries\Servo\src" -MMD -MP -MF"core\core\wiring_analog.c.d" -MT"core\core\wiring_analog.c.o" -D__IN_ECLIPSE__=1 "D:\PROGRAMAS\Sloeber\arduinoPlugin\packages\arduino\hardware\avr\1.8.5\cores\arduino\wiring_analog.c"   -o "core\core\wiring_analog.c.o"
'Finished building: D:\PROGRAMAS\Sloeber\arduinoPlugin\packages\arduino\hardware\avr\1.8.5\cores\arduino\wiring_analog.c'
' '
'Building file: D:\PROGRAMAS\Sloeber\arduinoPlugin\packages\arduino\hardware\avr\1.8.5\cores\arduino\wiring_digital.c'
'Starting C compile'
"D:\PROGRAMAS\Sloeber\arduinoPlugin\packages\arduino\tools\avr-gcc\7.3.0-atmel3.6.1-arduino7/bin/avr-gcc" -c -g -Os -w -std=gnu11 -ffunction-sections -fdata-sections -MMD -flto -fno-fat-lto-objects -mmcu=atmega2560 -DF_CPU=16000000L -DARDUINO=10812 -DARDUINO_AVR_MEGA2560 -DARDUINO_ARCH_AVR     -I"D:\PROGRAMAS\Sloeber\arduinoPlugin\packages\arduino\hardware\avr\1.8.5\cores\arduino" -I"D:\PROGRAMAS\Sloeber\arduinoPlugin\packages\arduino\hardware\avr\1.8.5\variants\mega" -I"C:\Users\antonio\Documents\Arduino\libraries\Servo\src" -MMD -MP -MF"core\core\wiring_digital.c.d" -MT"core\core\wiring_digital.c.o" -D__IN_ECLIPSE__=1 "D:\PROGRAMAS\Sloeber\arduinoPlugin\packages\arduino\hardware\avr\1.8.5\cores\arduino\wiring_digital.c"   -o "core\core\wiring_digital.c.o"
'Finished building: D:\PROGRAMAS\Sloeber\arduinoPlugin\packages\arduino\hardware\avr\1.8.5\cores\arduino\wiring_digital.c'
' '
'Building file: D:\PROGRAMAS\Sloeber\arduinoPlugin\packages\arduino\hardware\avr\1.8.5\cores\arduino\wiring_pulse.S'
'Starting S compile'
"D:\PROGRAMAS\Sloeber\arduinoPlugin\packages\arduino\tools\avr-gcc\7.3.0-atmel3.6.1-arduino7/bin/avr-gcc" -c -g -x assembler-with-cpp -flto -MMD -mmcu=atmega2560 -DF_CPU=16000000L -DARDUINO=10812 -DARDUINO_AVR_MEGA2560 -DARDUINO_ARCH_AVR     -I"D:\PROGRAMAS\Sloeber\arduinoPlugin\packages\arduino\hardware\avr\1.8.5\cores\arduino" -I"D:\PROGRAMAS\Sloeber\arduinoPlugin\packages\arduino\hardware\avr\1.8.5\variants\mega" -I"C:\Users\antonio\Documents\Arduino\libraries\Servo\src" -MMD -MP -MF"core\core\wiring_pulse.S.d" -MT"core\core\wiring_pulse.S.o"  "D:\PROGRAMAS\Sloeber\arduinoPlugin\packages\arduino\hardware\avr\1.8.5\cores\arduino\wiring_pulse.S"   -o "core\core\wiring_pulse.S.o"
'Finished building: D:\PROGRAMAS\Sloeber\arduinoPlugin\packages\arduino\hardware\avr\1.8.5\cores\arduino\wiring_pulse.S'
' '
'Building file: D:\PROGRAMAS\Sloeber\arduinoPlugin\packages\arduino\hardware\avr\1.8.5\cores\arduino\wiring_pulse.c'
'Starting C compile'
"D:\PROGRAMAS\Sloeber\arduinoPlugin\packages\arduino\tools\avr-gcc\7.3.0-atmel3.6.1-arduino7/bin/avr-gcc" -c -g -Os -w -std=gnu11 -ffunction-sections -fdata-sections -MMD -flto -fno-fat-lto-objects -mmcu=atmega2560 -DF_CPU=16000000L -DARDUINO=10812 -DARDUINO_AVR_MEGA2560 -DARDUINO_ARCH_AVR     -I"D:\PROGRAMAS\Sloeber\arduinoPlugin\packages\arduino\hardware\avr\1.8.5\cores\arduino" -I"D:\PROGRAMAS\Sloeber\arduinoPlugin\packages\arduino\hardware\avr\1.8.5\variants\mega" -I"C:\Users\antonio\Documents\Arduino\libraries\Servo\src" -MMD -MP -MF"core\core\wiring_pulse.c.d" -MT"core\core\wiring_pulse.c.o" -D__IN_ECLIPSE__=1 "D:\PROGRAMAS\Sloeber\arduinoPlugin\packages\arduino\hardware\avr\1.8.5\cores\arduino\wiring_pulse.c"   -o "core\core\wiring_pulse.c.o"
'Finished building: D:\PROGRAMAS\Sloeber\arduinoPlugin\packages\arduino\hardware\avr\1.8.5\cores\arduino\wiring_pulse.c'
' '
'Building file: D:\PROGRAMAS\Sloeber\arduinoPlugin\packages\arduino\hardware\avr\1.8.5\cores\arduino\wiring_shift.c'
'Starting C compile'
"D:\PROGRAMAS\Sloeber\arduinoPlugin\packages\arduino\tools\avr-gcc\7.3.0-atmel3.6.1-arduino7/bin/avr-gcc" -c -g -Os -w -std=gnu11 -ffunction-sections -fdata-sections -MMD -flto -fno-fat-lto-objects -mmcu=atmega2560 -DF_CPU=16000000L -DARDUINO=10812 -DARDUINO_AVR_MEGA2560 -DARDUINO_ARCH_AVR     -I"D:\PROGRAMAS\Sloeber\arduinoPlugin\packages\arduino\hardware\avr\1.8.5\cores\arduino" -I"D:\PROGRAMAS\Sloeber\arduinoPlugin\packages\arduino\hardware\avr\1.8.5\variants\mega" -I"C:\Users\antonio\Documents\Arduino\libraries\Servo\src" -MMD -MP -MF"core\core\wiring_shift.c.d" -MT"core\core\wiring_shift.c.o" -D__IN_ECLIPSE__=1 "D:\PROGRAMAS\Sloeber\arduinoPlugin\packages\arduino\hardware\avr\1.8.5\cores\arduino\wiring_shift.c"   -o "core\core\wiring_shift.c.o"
'Finished building: D:\PROGRAMAS\Sloeber\arduinoPlugin\packages\arduino\hardware\avr\1.8.5\cores\arduino\wiring_shift.c'
' '
'Starting archiver'
"D:\PROGRAMAS\Sloeber\arduinoPlugin\packages\arduino\tools\avr-gcc\7.3.0-atmel3.6.1-arduino7/bin/avr-gcc-ar" rcs     D:\GDRIVE\TONI\PROY\DANI\ECLIPSE_SLOEBER\DANI\DANI\Release/arduino.ar  .\core\core\CDC.cpp.o .\core\core\HardwareSerial.cpp.o .\core\core\HardwareSerial0.cpp.o .\core\core\HardwareSerial1.cpp.o .\core\core\HardwareSerial2.cpp.o .\core\core\HardwareSerial3.cpp.o .\core\core\IPAddress.cpp.o .\core\core\PluggableUSB.cpp.o .\core\core\Print.cpp.o .\core\core\Stream.cpp.o .\core\core\Tone.cpp.o .\core\core\USBCore.cpp.o .\core\core\WInterrupts.c.o .\core\core\WMath.cpp.o .\core\core\WString.cpp.o .\core\core\abi.cpp.o .\core\core\hooks.c.o .\core\core\main.cpp.o .\core\core\new.cpp.o .\core\core\wiring.c.o .\core\core\wiring_analog.c.o .\core\core\wiring_digital.c.o .\core\core\wiring_pulse.S.o .\core\core\wiring_pulse.c.o .\core\core\wiring_shift.c.o 
'Finished building: D:\GDRIVE\TONI\PROY\DANI\ECLIPSE_SLOEBER\DANI\DANI\Release\arduino.ar'
' '
'Starting combiner'
"D:\PROGRAMAS\Sloeber\arduinoPlugin\packages\arduino\tools\avr-gcc\7.3.0-atmel3.6.1-arduino7/bin/avr-gcc" -w -Os -g -flto -fuse-linker-plugin -Wl,--gc-sections,--relax -mmcu=atmega2560   -o "D:\GDRIVE\TONI\PROY\DANI\ECLIPSE_SLOEBER\DANI\DANI\Release/DANI.elf"    .\sloeber.ino.cpp.o  .\libraries\Servo\src\stm32f4\Servo.cpp.o  .\libraries\Servo\src\samd\Servo.cpp.o  .\libraries\Servo\src\sam\Servo.cpp.o  .\libraries\Servo\src\nrf52\Servo.cpp.o  .\libraries\Servo\src\megaavr\Servo.cpp.o  .\libraries\Servo\src\mbed\Servo.cpp.o  .\libraries\Servo\src\avr\Servo.cpp.o     D:\GDRIVE\TONI\PROY\DANI\ECLIPSE_SLOEBER\DANI\DANI\Release/arduino.ar  "-LD:\GDRIVE\TONI\PROY\DANI\ECLIPSE_SLOEBER\DANI\DANI\Release" -lm
'Finished building: DANI.elf'
' '
'Do all objcopy commands'
"D:\PROGRAMAS\Sloeber\arduinoPlugin\packages\arduino\tools\avr-gcc\7.3.0-atmel3.6.1-arduino7/bin/avr-objcopy" -O ihex -j .eeprom --set-section-flags=.eeprom=alloc,load --no-change-warnings --change-section-lma .eeprom=0  "D:\GDRIVE\TONI\PROY\DANI\ECLIPSE_SLOEBER\DANI\DANI\Release/DANI.elf" "D:\GDRIVE\TONI\PROY\DANI\ECLIPSE_SLOEBER\DANI\DANI\Release/DANI.eep"
"D:\PROGRAMAS\Sloeber\arduinoPlugin\packages\arduino\tools\avr-gcc\7.3.0-atmel3.6.1-arduino7/bin/avr-objcopy" -O ihex -R .eeprom  "D:\GDRIVE\TONI\PROY\DANI\ECLIPSE_SLOEBER\DANI\DANI\Release/DANI.elf" "D:\GDRIVE\TONI\PROY\DANI\ECLIPSE_SLOEBER\DANI\DANI\Release/DANI.hex"
'Finished building: DANI.hex'
' '
'Building target: DANI'
'Printing size:'
"D:\PROGRAMAS\Sloeber\arduinoPlugin\packages\arduino\tools\avr-gcc\7.3.0-atmel3.6.1-arduino7/bin/avr-size" -A "D:\GDRIVE\TONI\PROY\DANI\ECLIPSE_SLOEBER\DANI\DANI\Release/DANI.elf"
D:\GDRIVE\TONI\PROY\DANI\ECLIPSE_SLOEBER\DANI\DANI\Release/DANI.elf  :
section                     size      addr
.data                        394   8389120
.text                      12818         0
.bss                        1437   8389514
.comment                      17         0
.note.gnu.avr.deviceinfo      64         0
.debug_aranges               528         0
.debug_info                25621         0
.debug_abbrev               5402         0
.debug_line                 8943         0
.debug_frame                2896         0
.debug_str                  4865         0
.debug_loc                 17187         0
.debug_ranges               1160         0
Total                      81332


'Finished building target: DANI'
' '
10:27:35 **** Incremental Build of configuration Release for project DANI ****
"D:\\PROGRAMAS\\Sloeber\\arduinoPlugin\\tools\\make\\make" all 
'Building file: ..\sloeber.ino.cpp'
'Starting C++ compile'
"D:\PROGRAMAS\Sloeber\arduinoPlugin\packages\arduino\tools\avr-gcc\7.3.0-atmel3.6.1-arduino7/bin/avr-g++" -c -g -Os -w -std=gnu++11 -fpermissive -fno-exceptions -ffunction-sections -fdata-sections -fno-threadsafe-statics -Wno-error=narrowing -MMD -flto -mmcu=atmega1280 -DF_CPU=16000000L -DARDUINO=10812 -DARDUINO_AVR_MEGA -DARDUINO_ARCH_AVR     -I"D:\PROGRAMAS\Sloeber\arduinoPlugin\packages\arduino\hardware\avr\1.8.5\cores\arduino" -I"D:\PROGRAMAS\Sloeber\arduinoPlugin\packages\arduino\hardware\avr\1.8.5\variants\mega" -I"C:\Users\antonio\Documents\Arduino\libraries\Servo\src" -MMD -MP -MF"sloeber.ino.cpp.d" -MT"sloeber.ino.cpp.o" -D__IN_ECLIPSE__=1 -x c++ "..\sloeber.ino.cpp"   -o "sloeber.ino.cpp.o"
'Finished building: ..\sloeber.ino.cpp'
' '
'Building file: C:\Users\antonio\Documents\Arduino\libraries\Servo\src\stm32f4\Servo.cpp'
'Starting C++ compile'
"D:\PROGRAMAS\Sloeber\arduinoPlugin\packages\arduino\tools\avr-gcc\7.3.0-atmel3.6.1-arduino7/bin/avr-g++" -c -g -Os -w -std=gnu++11 -fpermissive -fno-exceptions -ffunction-sections -fdata-sections -fno-threadsafe-statics -Wno-error=narrowing -MMD -flto -mmcu=atmega1280 -DF_CPU=16000000L -DARDUINO=10812 -DARDUINO_AVR_MEGA -DARDUINO_ARCH_AVR     -I"D:\PROGRAMAS\Sloeber\arduinoPlugin\packages\arduino\hardware\avr\1.8.5\cores\arduino" -I"D:\PROGRAMAS\Sloeber\arduinoPlugin\packages\arduino\hardware\avr\1.8.5\variants\mega" -I"C:\Users\antonio\Documents\Arduino\libraries\Servo\src" -MMD -MP -MF"libraries\Servo\src\stm32f4\Servo.cpp.d" -MT"libraries\Servo\src\stm32f4\Servo.cpp.o" -D__IN_ECLIPSE__=1 -x c++ "C:\Users\antonio\Documents\Arduino\libraries\Servo\src\stm32f4\Servo.cpp"   -o "libraries\Servo\src\stm32f4\Servo.cpp.o"
'Finished building: C:\Users\antonio\Documents\Arduino\libraries\Servo\src\stm32f4\Servo.cpp'
' '
'Building file: C:\Users\antonio\Documents\Arduino\libraries\Servo\src\samd\Servo.cpp'
'Starting C++ compile'
"D:\PROGRAMAS\Sloeber\arduinoPlugin\packages\arduino\tools\avr-gcc\7.3.0-atmel3.6.1-arduino7/bin/avr-g++" -c -g -Os -w -std=gnu++11 -fpermissive -fno-exceptions -ffunction-sections -fdata-sections -fno-threadsafe-statics -Wno-error=narrowing -MMD -flto -mmcu=atmega1280 -DF_CPU=16000000L -DARDUINO=10812 -DARDUINO_AVR_MEGA -DARDUINO_ARCH_AVR     -I"D:\PROGRAMAS\Sloeber\arduinoPlugin\packages\arduino\hardware\avr\1.8.5\cores\arduino" -I"D:\PROGRAMAS\Sloeber\arduinoPlugin\packages\arduino\hardware\avr\1.8.5\variants\mega" -I"C:\Users\antonio\Documents\Arduino\libraries\Servo\src" -MMD -MP -MF"libraries\Servo\src\samd\Servo.cpp.d" -MT"libraries\Servo\src\samd\Servo.cpp.o" -D__IN_ECLIPSE__=1 -x c++ "C:\Users\antonio\Documents\Arduino\libraries\Servo\src\samd\Servo.cpp"   -o "libraries\Servo\src\samd\Servo.cpp.o"
'Finished building: C:\Users\antonio\Documents\Arduino\libraries\Servo\src\samd\Servo.cpp'
' '
'Building file: C:\Users\antonio\Documents\Arduino\libraries\Servo\src\sam\Servo.cpp'
'Starting C++ compile'
"D:\PROGRAMAS\Sloeber\arduinoPlugin\packages\arduino\tools\avr-gcc\7.3.0-atmel3.6.1-arduino7/bin/avr-g++" -c -g -Os -w -std=gnu++11 -fpermissive -fno-exceptions -ffunction-sections -fdata-sections -fno-threadsafe-statics -Wno-error=narrowing -MMD -flto -mmcu=atmega1280 -DF_CPU=16000000L -DARDUINO=10812 -DARDUINO_AVR_MEGA -DARDUINO_ARCH_AVR     -I"D:\PROGRAMAS\Sloeber\arduinoPlugin\packages\arduino\hardware\avr\1.8.5\cores\arduino" -I"D:\PROGRAMAS\Sloeber\arduinoPlugin\packages\arduino\hardware\avr\1.8.5\variants\mega" -I"C:\Users\antonio\Documents\Arduino\libraries\Servo\src" -MMD -MP -MF"libraries\Servo\src\sam\Servo.cpp.d" -MT"libraries\Servo\src\sam\Servo.cpp.o" -D__IN_ECLIPSE__=1 -x c++ "C:\Users\antonio\Documents\Arduino\libraries\Servo\src\sam\Servo.cpp"   -o "libraries\Servo\src\sam\Servo.cpp.o"
'Finished building: C:\Users\antonio\Documents\Arduino\libraries\Servo\src\sam\Servo.cpp'
' '
'Building file: C:\Users\antonio\Documents\Arduino\libraries\Servo\src\nrf52\Servo.cpp'
'Starting C++ compile'
"D:\PROGRAMAS\Sloeber\arduinoPlugin\packages\arduino\tools\avr-gcc\7.3.0-atmel3.6.1-arduino7/bin/avr-g++" -c -g -Os -w -std=gnu++11 -fpermissive -fno-exceptions -ffunction-sections -fdata-sections -fno-threadsafe-statics -Wno-error=narrowing -MMD -flto -mmcu=atmega1280 -DF_CPU=16000000L -DARDUINO=10812 -DARDUINO_AVR_MEGA -DARDUINO_ARCH_AVR     -I"D:\PROGRAMAS\Sloeber\arduinoPlugin\packages\arduino\hardware\avr\1.8.5\cores\arduino" -I"D:\PROGRAMAS\Sloeber\arduinoPlugin\packages\arduino\hardware\avr\1.8.5\variants\mega" -I"C:\Users\antonio\Documents\Arduino\libraries\Servo\src" -MMD -MP -MF"libraries\Servo\src\nrf52\Servo.cpp.d" -MT"libraries\Servo\src\nrf52\Servo.cpp.o" -D__IN_ECLIPSE__=1 -x c++ "C:\Users\antonio\Documents\Arduino\libraries\Servo\src\nrf52\Servo.cpp"   -o "libraries\Servo\src\nrf52\Servo.cpp.o"
'Finished building: C:\Users\antonio\Documents\Arduino\libraries\Servo\src\nrf52\Servo.cpp'
' '
'Building file: C:\Users\antonio\Documents\Arduino\libraries\Servo\src\megaavr\Servo.cpp'
'Starting C++ compile'
"D:\PROGRAMAS\Sloeber\arduinoPlugin\packages\arduino\tools\avr-gcc\7.3.0-atmel3.6.1-arduino7/bin/avr-g++" -c -g -Os -w -std=gnu++11 -fpermissive -fno-exceptions -ffunction-sections -fdata-sections -fno-threadsafe-statics -Wno-error=narrowing -MMD -flto -mmcu=atmega1280 -DF_CPU=16000000L -DARDUINO=10812 -DARDUINO_AVR_MEGA -DARDUINO_ARCH_AVR     -I"D:\PROGRAMAS\Sloeber\arduinoPlugin\packages\arduino\hardware\avr\1.8.5\cores\arduino" -I"D:\PROGRAMAS\Sloeber\arduinoPlugin\packages\arduino\hardware\avr\1.8.5\variants\mega" -I"C:\Users\antonio\Documents\Arduino\libraries\Servo\src" -MMD -MP -MF"libraries\Servo\src\megaavr\Servo.cpp.d" -MT"libraries\Servo\src\megaavr\Servo.cpp.o" -D__IN_ECLIPSE__=1 -x c++ "C:\Users\antonio\Documents\Arduino\libraries\Servo\src\megaavr\Servo.cpp"   -o "libraries\Servo\src\megaavr\Servo.cpp.o"
'Finished building: C:\Users\antonio\Documents\Arduino\libraries\Servo\src\megaavr\Servo.cpp'
' '
'Building file: C:\Users\antonio\Documents\Arduino\libraries\Servo\src\mbed\Servo.cpp'
'Starting C++ compile'
"D:\PROGRAMAS\Sloeber\arduinoPlugin\packages\arduino\tools\avr-gcc\7.3.0-atmel3.6.1-arduino7/bin/avr-g++" -c -g -Os -w -std=gnu++11 -fpermissive -fno-exceptions -ffunction-sections -fdata-sections -fno-threadsafe-statics -Wno-error=narrowing -MMD -flto -mmcu=atmega1280 -DF_CPU=16000000L -DARDUINO=10812 -DARDUINO_AVR_MEGA -DARDUINO_ARCH_AVR     -I"D:\PROGRAMAS\Sloeber\arduinoPlugin\packages\arduino\hardware\avr\1.8.5\cores\arduino" -I"D:\PROGRAMAS\Sloeber\arduinoPlugin\packages\arduino\hardware\avr\1.8.5\variants\mega" -I"C:\Users\antonio\Documents\Arduino\libraries\Servo\src" -MMD -MP -MF"libraries\Servo\src\mbed\Servo.cpp.d" -MT"libraries\Servo\src\mbed\Servo.cpp.o" -D__IN_ECLIPSE__=1 -x c++ "C:\Users\antonio\Documents\Arduino\libraries\Servo\src\mbed\Servo.cpp"   -o "libraries\Servo\src\mbed\Servo.cpp.o"
'Finished building: C:\Users\antonio\Documents\Arduino\libraries\Servo\src\mbed\Servo.cpp'
' '
'Building file: C:\Users\antonio\Documents\Arduino\libraries\Servo\src\avr\Servo.cpp'
'Starting C++ compile'
"D:\PROGRAMAS\Sloeber\arduinoPlugin\packages\arduino\tools\avr-gcc\7.3.0-atmel3.6.1-arduino7/bin/avr-g++" -c -g -Os -w -std=gnu++11 -fpermissive -fno-exceptions -ffunction-sections -fdata-sections -fno-threadsafe-statics -Wno-error=narrowing -MMD -flto -mmcu=atmega1280 -DF_CPU=16000000L -DARDUINO=10812 -DARDUINO_AVR_MEGA -DARDUINO_ARCH_AVR     -I"D:\PROGRAMAS\Sloeber\arduinoPlugin\packages\arduino\hardware\avr\1.8.5\cores\arduino" -I"D:\PROGRAMAS\Sloeber\arduinoPlugin\packages\arduino\hardware\avr\1.8.5\variants\mega" -I"C:\Users\antonio\Documents\Arduino\libraries\Servo\src" -MMD -MP -MF"libraries\Servo\src\avr\Servo.cpp.d" -MT"libraries\Servo\src\avr\Servo.cpp.o" -D__IN_ECLIPSE__=1 -x c++ "C:\Users\antonio\Documents\Arduino\libraries\Servo\src\avr\Servo.cpp"   -o "libraries\Servo\src\avr\Servo.cpp.o"
'Finished building: C:\Users\antonio\Documents\Arduino\libraries\Servo\src\avr\Servo.cpp'
' '
'Building file: D:\PROGRAMAS\Sloeber\arduinoPlugin\packages\arduino\hardware\avr\1.8.5\cores\arduino\CDC.cpp'
'Starting C++ compile'
"D:\PROGRAMAS\Sloeber\arduinoPlugin\packages\arduino\tools\avr-gcc\7.3.0-atmel3.6.1-arduino7/bin/avr-g++" -c -g -Os -w -std=gnu++11 -fpermissive -fno-exceptions -ffunction-sections -fdata-sections -fno-threadsafe-statics -Wno-error=narrowing -MMD -flto -mmcu=atmega1280 -DF_CPU=16000000L -DARDUINO=10812 -DARDUINO_AVR_MEGA -DARDUINO_ARCH_AVR     -I"D:\PROGRAMAS\Sloeber\arduinoPlugin\packages\arduino\hardware\avr\1.8.5\cores\arduino" -I"D:\PROGRAMAS\Sloeber\arduinoPlugin\packages\arduino\hardware\avr\1.8.5\variants\mega" -I"C:\Users\antonio\Documents\Arduino\libraries\Servo\src" -MMD -MP -MF"core\core\CDC.cpp.d" -MT"core\core\CDC.cpp.o" -D__IN_ECLIPSE__=1 -x c++ "D:\PROGRAMAS\Sloeber\arduinoPlugin\packages\arduino\hardware\avr\1.8.5\cores\arduino\CDC.cpp"   -o "core\core\CDC.cpp.o"
'Finished building: D:\PROGRAMAS\Sloeber\arduinoPlugin\packages\arduino\hardware\avr\1.8.5\cores\arduino\CDC.cpp'
' '
'Building file: D:\PROGRAMAS\Sloeber\arduinoPlugin\packages\arduino\hardware\avr\1.8.5\cores\arduino\HardwareSerial.cpp'
'Starting C++ compile'
"D:\PROGRAMAS\Sloeber\arduinoPlugin\packages\arduino\tools\avr-gcc\7.3.0-atmel3.6.1-arduino7/bin/avr-g++" -c -g -Os -w -std=gnu++11 -fpermissive -fno-exceptions -ffunction-sections -fdata-sections -fno-threadsafe-statics -Wno-error=narrowing -MMD -flto -mmcu=atmega1280 -DF_CPU=16000000L -DARDUINO=10812 -DARDUINO_AVR_MEGA -DARDUINO_ARCH_AVR     -I"D:\PROGRAMAS\Sloeber\arduinoPlugin\packages\arduino\hardware\avr\1.8.5\cores\arduino" -I"D:\PROGRAMAS\Sloeber\arduinoPlugin\packages\arduino\hardware\avr\1.8.5\variants\mega" -I"C:\Users\antonio\Documents\Arduino\libraries\Servo\src" -MMD -MP -MF"core\core\HardwareSerial.cpp.d" -MT"core\core\HardwareSerial.cpp.o" -D__IN_ECLIPSE__=1 -x c++ "D:\PROGRAMAS\Sloeber\arduinoPlugin\packages\arduino\hardware\avr\1.8.5\cores\arduino\HardwareSerial.cpp"   -o "core\core\HardwareSerial.cpp.o"
'Finished building: D:\PROGRAMAS\Sloeber\arduinoPlugin\packages\arduino\hardware\avr\1.8.5\cores\arduino\HardwareSerial.cpp'
' '
'Building file: D:\PROGRAMAS\Sloeber\arduinoPlugin\packages\arduino\hardware\avr\1.8.5\cores\arduino\HardwareSerial0.cpp'
'Starting C++ compile'
"D:\PROGRAMAS\Sloeber\arduinoPlugin\packages\arduino\tools\avr-gcc\7.3.0-atmel3.6.1-arduino7/bin/avr-g++" -c -g -Os -w -std=gnu++11 -fpermissive -fno-exceptions -ffunction-sections -fdata-sections -fno-threadsafe-statics -Wno-error=narrowing -MMD -flto -mmcu=atmega1280 -DF_CPU=16000000L -DARDUINO=10812 -DARDUINO_AVR_MEGA -DARDUINO_ARCH_AVR     -I"D:\PROGRAMAS\Sloeber\arduinoPlugin\packages\arduino\hardware\avr\1.8.5\cores\arduino" -I"D:\PROGRAMAS\Sloeber\arduinoPlugin\packages\arduino\hardware\avr\1.8.5\variants\mega" -I"C:\Users\antonio\Documents\Arduino\libraries\Servo\src" -MMD -MP -MF"core\core\HardwareSerial0.cpp.d" -MT"core\core\HardwareSerial0.cpp.o" -D__IN_ECLIPSE__=1 -x c++ "D:\PROGRAMAS\Sloeber\arduinoPlugin\packages\arduino\hardware\avr\1.8.5\cores\arduino\HardwareSerial0.cpp"   -o "core\core\HardwareSerial0.cpp.o"
'Finished building: D:\PROGRAMAS\Sloeber\arduinoPlugin\packages\arduino\hardware\avr\1.8.5\cores\arduino\HardwareSerial0.cpp'
' '
'Building file: D:\PROGRAMAS\Sloeber\arduinoPlugin\packages\arduino\hardware\avr\1.8.5\cores\arduino\HardwareSerial1.cpp'
'Starting C++ compile'
"D:\PROGRAMAS\Sloeber\arduinoPlugin\packages\arduino\tools\avr-gcc\7.3.0-atmel3.6.1-arduino7/bin/avr-g++" -c -g -Os -w -std=gnu++11 -fpermissive -fno-exceptions -ffunction-sections -fdata-sections -fno-threadsafe-statics -Wno-error=narrowing -MMD -flto -mmcu=atmega1280 -DF_CPU=16000000L -DARDUINO=10812 -DARDUINO_AVR_MEGA -DARDUINO_ARCH_AVR     -I"D:\PROGRAMAS\Sloeber\arduinoPlugin\packages\arduino\hardware\avr\1.8.5\cores\arduino" -I"D:\PROGRAMAS\Sloeber\arduinoPlugin\packages\arduino\hardware\avr\1.8.5\variants\mega" -I"C:\Users\antonio\Documents\Arduino\libraries\Servo\src" -MMD -MP -MF"core\core\HardwareSerial1.cpp.d" -MT"core\core\HardwareSerial1.cpp.o" -D__IN_ECLIPSE__=1 -x c++ "D:\PROGRAMAS\Sloeber\arduinoPlugin\packages\arduino\hardware\avr\1.8.5\cores\arduino\HardwareSerial1.cpp"   -o "core\core\HardwareSerial1.cpp.o"
'Finished building: D:\PROGRAMAS\Sloeber\arduinoPlugin\packages\arduino\hardware\avr\1.8.5\cores\arduino\HardwareSerial1.cpp'
' '
'Building file: D:\PROGRAMAS\Sloeber\arduinoPlugin\packages\arduino\hardware\avr\1.8.5\cores\arduino\HardwareSerial2.cpp'
'Starting C++ compile'
"D:\PROGRAMAS\Sloeber\arduinoPlugin\packages\arduino\tools\avr-gcc\7.3.0-atmel3.6.1-arduino7/bin/avr-g++" -c -g -Os -w -std=gnu++11 -fpermissive -fno-exceptions -ffunction-sections -fdata-sections -fno-threadsafe-statics -Wno-error=narrowing -MMD -flto -mmcu=atmega1280 -DF_CPU=16000000L -DARDUINO=10812 -DARDUINO_AVR_MEGA -DARDUINO_ARCH_AVR     -I"D:\PROGRAMAS\Sloeber\arduinoPlugin\packages\arduino\hardware\avr\1.8.5\cores\arduino" -I"D:\PROGRAMAS\Sloeber\arduinoPlugin\packages\arduino\hardware\avr\1.8.5\variants\mega" -I"C:\Users\antonio\Documents\Arduino\libraries\Servo\src" -MMD -MP -MF"core\core\HardwareSerial2.cpp.d" -MT"core\core\HardwareSerial2.cpp.o" -D__IN_ECLIPSE__=1 -x c++ "D:\PROGRAMAS\Sloeber\arduinoPlugin\packages\arduino\hardware\avr\1.8.5\cores\arduino\HardwareSerial2.cpp"   -o "core\core\HardwareSerial2.cpp.o"
'Finished building: D:\PROGRAMAS\Sloeber\arduinoPlugin\packages\arduino\hardware\avr\1.8.5\cores\arduino\HardwareSerial2.cpp'
' '
'Building file: D:\PROGRAMAS\Sloeber\arduinoPlugin\packages\arduino\hardware\avr\1.8.5\cores\arduino\HardwareSerial3.cpp'
'Starting C++ compile'
"D:\PROGRAMAS\Sloeber\arduinoPlugin\packages\arduino\tools\avr-gcc\7.3.0-atmel3.6.1-arduino7/bin/avr-g++" -c -g -Os -w -std=gnu++11 -fpermissive -fno-exceptions -ffunction-sections -fdata-sections -fno-threadsafe-statics -Wno-error=narrowing -MMD -flto -mmcu=atmega1280 -DF_CPU=16000000L -DARDUINO=10812 -DARDUINO_AVR_MEGA -DARDUINO_ARCH_AVR     -I"D:\PROGRAMAS\Sloeber\arduinoPlugin\packages\arduino\hardware\avr\1.8.5\cores\arduino" -I"D:\PROGRAMAS\Sloeber\arduinoPlugin\packages\arduino\hardware\avr\1.8.5\variants\mega" -I"C:\Users\antonio\Documents\Arduino\libraries\Servo\src" -MMD -MP -MF"core\core\HardwareSerial3.cpp.d" -MT"core\core\HardwareSerial3.cpp.o" -D__IN_ECLIPSE__=1 -x c++ "D:\PROGRAMAS\Sloeber\arduinoPlugin\packages\arduino\hardware\avr\1.8.5\cores\arduino\HardwareSerial3.cpp"   -o "core\core\HardwareSerial3.cpp.o"
'Finished building: D:\PROGRAMAS\Sloeber\arduinoPlugin\packages\arduino\hardware\avr\1.8.5\cores\arduino\HardwareSerial3.cpp'
' '
'Building file: D:\PROGRAMAS\Sloeber\arduinoPlugin\packages\arduino\hardware\avr\1.8.5\cores\arduino\IPAddress.cpp'
'Starting C++ compile'
"D:\PROGRAMAS\Sloeber\arduinoPlugin\packages\arduino\tools\avr-gcc\7.3.0-atmel3.6.1-arduino7/bin/avr-g++" -c -g -Os -w -std=gnu++11 -fpermissive -fno-exceptions -ffunction-sections -fdata-sections -fno-threadsafe-statics -Wno-error=narrowing -MMD -flto -mmcu=atmega1280 -DF_CPU=16000000L -DARDUINO=10812 -DARDUINO_AVR_MEGA -DARDUINO_ARCH_AVR     -I"D:\PROGRAMAS\Sloeber\arduinoPlugin\packages\arduino\hardware\avr\1.8.5\cores\arduino" -I"D:\PROGRAMAS\Sloeber\arduinoPlugin\packages\arduino\hardware\avr\1.8.5\variants\mega" -I"C:\Users\antonio\Documents\Arduino\libraries\Servo\src" -MMD -MP -MF"core\core\IPAddress.cpp.d" -MT"core\core\IPAddress.cpp.o" -D__IN_ECLIPSE__=1 -x c++ "D:\PROGRAMAS\Sloeber\arduinoPlugin\packages\arduino\hardware\avr\1.8.5\cores\arduino\IPAddress.cpp"   -o "core\core\IPAddress.cpp.o"
'Finished building: D:\PROGRAMAS\Sloeber\arduinoPlugin\packages\arduino\hardware\avr\1.8.5\cores\arduino\IPAddress.cpp'
' '
'Building file: D:\PROGRAMAS\Sloeber\arduinoPlugin\packages\arduino\hardware\avr\1.8.5\cores\arduino\PluggableUSB.cpp'
'Starting C++ compile'
"D:\PROGRAMAS\Sloeber\arduinoPlugin\packages\arduino\tools\avr-gcc\7.3.0-atmel3.6.1-arduino7/bin/avr-g++" -c -g -Os -w -std=gnu++11 -fpermissive -fno-exceptions -ffunction-sections -fdata-sections -fno-threadsafe-statics -Wno-error=narrowing -MMD -flto -mmcu=atmega1280 -DF_CPU=16000000L -DARDUINO=10812 -DARDUINO_AVR_MEGA -DARDUINO_ARCH_AVR     -I"D:\PROGRAMAS\Sloeber\arduinoPlugin\packages\arduino\hardware\avr\1.8.5\cores\arduino" -I"D:\PROGRAMAS\Sloeber\arduinoPlugin\packages\arduino\hardware\avr\1.8.5\variants\mega" -I"C:\Users\antonio\Documents\Arduino\libraries\Servo\src" -MMD -MP -MF"core\core\PluggableUSB.cpp.d" -MT"core\core\PluggableUSB.cpp.o" -D__IN_ECLIPSE__=1 -x c++ "D:\PROGRAMAS\Sloeber\arduinoPlugin\packages\arduino\hardware\avr\1.8.5\cores\arduino\PluggableUSB.cpp"   -o "core\core\PluggableUSB.cpp.o"
'Finished building: D:\PROGRAMAS\Sloeber\arduinoPlugin\packages\arduino\hardware\avr\1.8.5\cores\arduino\PluggableUSB.cpp'
' '
'Building file: D:\PROGRAMAS\Sloeber\arduinoPlugin\packages\arduino\hardware\avr\1.8.5\cores\arduino\Print.cpp'
'Starting C++ compile'
"D:\PROGRAMAS\Sloeber\arduinoPlugin\packages\arduino\tools\avr-gcc\7.3.0-atmel3.6.1-arduino7/bin/avr-g++" -c -g -Os -w -std=gnu++11 -fpermissive -fno-exceptions -ffunction-sections -fdata-sections -fno-threadsafe-statics -Wno-error=narrowing -MMD -flto -mmcu=atmega1280 -DF_CPU=16000000L -DARDUINO=10812 -DARDUINO_AVR_MEGA -DARDUINO_ARCH_AVR     -I"D:\PROGRAMAS\Sloeber\arduinoPlugin\packages\arduino\hardware\avr\1.8.5\cores\arduino" -I"D:\PROGRAMAS\Sloeber\arduinoPlugin\packages\arduino\hardware\avr\1.8.5\variants\mega" -I"C:\Users\antonio\Documents\Arduino\libraries\Servo\src" -MMD -MP -MF"core\core\Print.cpp.d" -MT"core\core\Print.cpp.o" -D__IN_ECLIPSE__=1 -x c++ "D:\PROGRAMAS\Sloeber\arduinoPlugin\packages\arduino\hardware\avr\1.8.5\cores\arduino\Print.cpp"   -o "core\core\Print.cpp.o"
'Finished building: D:\PROGRAMAS\Sloeber\arduinoPlugin\packages\arduino\hardware\avr\1.8.5\cores\arduino\Print.cpp'
' '
'Building file: D:\PROGRAMAS\Sloeber\arduinoPlugin\packages\arduino\hardware\avr\1.8.5\cores\arduino\Stream.cpp'
'Starting C++ compile'
"D:\PROGRAMAS\Sloeber\arduinoPlugin\packages\arduino\tools\avr-gcc\7.3.0-atmel3.6.1-arduino7/bin/avr-g++" -c -g -Os -w -std=gnu++11 -fpermissive -fno-exceptions -ffunction-sections -fdata-sections -fno-threadsafe-statics -Wno-error=narrowing -MMD -flto -mmcu=atmega1280 -DF_CPU=16000000L -DARDUINO=10812 -DARDUINO_AVR_MEGA -DARDUINO_ARCH_AVR     -I"D:\PROGRAMAS\Sloeber\arduinoPlugin\packages\arduino\hardware\avr\1.8.5\cores\arduino" -I"D:\PROGRAMAS\Sloeber\arduinoPlugin\packages\arduino\hardware\avr\1.8.5\variants\mega" -I"C:\Users\antonio\Documents\Arduino\libraries\Servo\src" -MMD -MP -MF"core\core\Stream.cpp.d" -MT"core\core\Stream.cpp.o" -D__IN_ECLIPSE__=1 -x c++ "D:\PROGRAMAS\Sloeber\arduinoPlugin\packages\arduino\hardware\avr\1.8.5\cores\arduino\Stream.cpp"   -o "core\core\Stream.cpp.o"
'Finished building: D:\PROGRAMAS\Sloeber\arduinoPlugin\packages\arduino\hardware\avr\1.8.5\cores\arduino\Stream.cpp'
' '
'Building file: D:\PROGRAMAS\Sloeber\arduinoPlugin\packages\arduino\hardware\avr\1.8.5\cores\arduino\Tone.cpp'
'Starting C++ compile'
"D:\PROGRAMAS\Sloeber\arduinoPlugin\packages\arduino\tools\avr-gcc\7.3.0-atmel3.6.1-arduino7/bin/avr-g++" -c -g -Os -w -std=gnu++11 -fpermissive -fno-exceptions -ffunction-sections -fdata-sections -fno-threadsafe-statics -Wno-error=narrowing -MMD -flto -mmcu=atmega1280 -DF_CPU=16000000L -DARDUINO=10812 -DARDUINO_AVR_MEGA -DARDUINO_ARCH_AVR     -I"D:\PROGRAMAS\Sloeber\arduinoPlugin\packages\arduino\hardware\avr\1.8.5\cores\arduino" -I"D:\PROGRAMAS\Sloeber\arduinoPlugin\packages\arduino\hardware\avr\1.8.5\variants\mega" -I"C:\Users\antonio\Documents\Arduino\libraries\Servo\src" -MMD -MP -MF"core\core\Tone.cpp.d" -MT"core\core\Tone.cpp.o" -D__IN_ECLIPSE__=1 -x c++ "D:\PROGRAMAS\Sloeber\arduinoPlugin\packages\arduino\hardware\avr\1.8.5\cores\arduino\Tone.cpp"   -o "core\core\Tone.cpp.o"
'Finished building: D:\PROGRAMAS\Sloeber\arduinoPlugin\packages\arduino\hardware\avr\1.8.5\cores\arduino\Tone.cpp'
' '
'Building file: D:\PROGRAMAS\Sloeber\arduinoPlugin\packages\arduino\hardware\avr\1.8.5\cores\arduino\USBCore.cpp'
'Starting C++ compile'
"D:\PROGRAMAS\Sloeber\arduinoPlugin\packages\arduino\tools\avr-gcc\7.3.0-atmel3.6.1-arduino7/bin/avr-g++" -c -g -Os -w -std=gnu++11 -fpermissive -fno-exceptions -ffunction-sections -fdata-sections -fno-threadsafe-statics -Wno-error=narrowing -MMD -flto -mmcu=atmega1280 -DF_CPU=16000000L -DARDUINO=10812 -DARDUINO_AVR_MEGA -DARDUINO_ARCH_AVR     -I"D:\PROGRAMAS\Sloeber\arduinoPlugin\packages\arduino\hardware\avr\1.8.5\cores\arduino" -I"D:\PROGRAMAS\Sloeber\arduinoPlugin\packages\arduino\hardware\avr\1.8.5\variants\mega" -I"C:\Users\antonio\Documents\Arduino\libraries\Servo\src" -MMD -MP -MF"core\core\USBCore.cpp.d" -MT"core\core\USBCore.cpp.o" -D__IN_ECLIPSE__=1 -x c++ "D:\PROGRAMAS\Sloeber\arduinoPlugin\packages\arduino\hardware\avr\1.8.5\cores\arduino\USBCore.cpp"   -o "core\core\USBCore.cpp.o"
'Finished building: D:\PROGRAMAS\Sloeber\arduinoPlugin\packages\arduino\hardware\avr\1.8.5\cores\arduino\USBCore.cpp'
' '
'Building file: D:\PROGRAMAS\Sloeber\arduinoPlugin\packages\arduino\hardware\avr\1.8.5\cores\arduino\WInterrupts.c'
'Starting C compile'
"D:\PROGRAMAS\Sloeber\arduinoPlugin\packages\arduino\tools\avr-gcc\7.3.0-atmel3.6.1-arduino7/bin/avr-gcc" -c -g -Os -w -std=gnu11 -ffunction-sections -fdata-sections -MMD -flto -fno-fat-lto-objects -mmcu=atmega1280 -DF_CPU=16000000L -DARDUINO=10812 -DARDUINO_AVR_MEGA -DARDUINO_ARCH_AVR     -I"D:\PROGRAMAS\Sloeber\arduinoPlugin\packages\arduino\hardware\avr\1.8.5\cores\arduino" -I"D:\PROGRAMAS\Sloeber\arduinoPlugin\packages\arduino\hardware\avr\1.8.5\variants\mega" -I"C:\Users\antonio\Documents\Arduino\libraries\Servo\src" -MMD -MP -MF"core\core\WInterrupts.c.d" -MT"core\core\WInterrupts.c.o" -D__IN_ECLIPSE__=1 "D:\PROGRAMAS\Sloeber\arduinoPlugin\packages\arduino\hardware\avr\1.8.5\cores\arduino\WInterrupts.c"   -o "core\core\WInterrupts.c.o"
'Finished building: D:\PROGRAMAS\Sloeber\arduinoPlugin\packages\arduino\hardware\avr\1.8.5\cores\arduino\WInterrupts.c'
' '
'Building file: D:\PROGRAMAS\Sloeber\arduinoPlugin\packages\arduino\hardware\avr\1.8.5\cores\arduino\WMath.cpp'
'Starting C++ compile'
"D:\PROGRAMAS\Sloeber\arduinoPlugin\packages\arduino\tools\avr-gcc\7.3.0-atmel3.6.1-arduino7/bin/avr-g++" -c -g -Os -w -std=gnu++11 -fpermissive -fno-exceptions -ffunction-sections -fdata-sections -fno-threadsafe-statics -Wno-error=narrowing -MMD -flto -mmcu=atmega1280 -DF_CPU=16000000L -DARDUINO=10812 -DARDUINO_AVR_MEGA -DARDUINO_ARCH_AVR     -I"D:\PROGRAMAS\Sloeber\arduinoPlugin\packages\arduino\hardware\avr\1.8.5\cores\arduino" -I"D:\PROGRAMAS\Sloeber\arduinoPlugin\packages\arduino\hardware\avr\1.8.5\variants\mega" -I"C:\Users\antonio\Documents\Arduino\libraries\Servo\src" -MMD -MP -MF"core\core\WMath.cpp.d" -MT"core\core\WMath.cpp.o" -D__IN_ECLIPSE__=1 -x c++ "D:\PROGRAMAS\Sloeber\arduinoPlugin\packages\arduino\hardware\avr\1.8.5\cores\arduino\WMath.cpp"   -o "core\core\WMath.cpp.o"
'Finished building: D:\PROGRAMAS\Sloeber\arduinoPlugin\packages\arduino\hardware\avr\1.8.5\cores\arduino\WMath.cpp'
' '
'Building file: D:\PROGRAMAS\Sloeber\arduinoPlugin\packages\arduino\hardware\avr\1.8.5\cores\arduino\WString.cpp'
'Starting C++ compile'
"D:\PROGRAMAS\Sloeber\arduinoPlugin\packages\arduino\tools\avr-gcc\7.3.0-atmel3.6.1-arduino7/bin/avr-g++" -c -g -Os -w -std=gnu++11 -fpermissive -fno-exceptions -ffunction-sections -fdata-sections -fno-threadsafe-statics -Wno-error=narrowing -MMD -flto -mmcu=atmega1280 -DF_CPU=16000000L -DARDUINO=10812 -DARDUINO_AVR_MEGA -DARDUINO_ARCH_AVR     -I"D:\PROGRAMAS\Sloeber\arduinoPlugin\packages\arduino\hardware\avr\1.8.5\cores\arduino" -I"D:\PROGRAMAS\Sloeber\arduinoPlugin\packages\arduino\hardware\avr\1.8.5\variants\mega" -I"C:\Users\antonio\Documents\Arduino\libraries\Servo\src" -MMD -MP -MF"core\core\WString.cpp.d" -MT"core\core\WString.cpp.o" -D__IN_ECLIPSE__=1 -x c++ "D:\PROGRAMAS\Sloeber\arduinoPlugin\packages\arduino\hardware\avr\1.8.5\cores\arduino\WString.cpp"   -o "core\core\WString.cpp.o"
'Finished building: D:\PROGRAMAS\Sloeber\arduinoPlugin\packages\arduino\hardware\avr\1.8.5\cores\arduino\WString.cpp'
' '
'Building file: D:\PROGRAMAS\Sloeber\arduinoPlugin\packages\arduino\hardware\avr\1.8.5\cores\arduino\abi.cpp'
'Starting C++ compile'
"D:\PROGRAMAS\Sloeber\arduinoPlugin\packages\arduino\tools\avr-gcc\7.3.0-atmel3.6.1-arduino7/bin/avr-g++" -c -g -Os -w -std=gnu++11 -fpermissive -fno-exceptions -ffunction-sections -fdata-sections -fno-threadsafe-statics -Wno-error=narrowing -MMD -flto -mmcu=atmega1280 -DF_CPU=16000000L -DARDUINO=10812 -DARDUINO_AVR_MEGA -DARDUINO_ARCH_AVR     -I"D:\PROGRAMAS\Sloeber\arduinoPlugin\packages\arduino\hardware\avr\1.8.5\cores\arduino" -I"D:\PROGRAMAS\Sloeber\arduinoPlugin\packages\arduino\hardware\avr\1.8.5\variants\mega" -I"C:\Users\antonio\Documents\Arduino\libraries\Servo\src" -MMD -MP -MF"core\core\abi.cpp.d" -MT"core\core\abi.cpp.o" -D__IN_ECLIPSE__=1 -x c++ "D:\PROGRAMAS\Sloeber\arduinoPlugin\packages\arduino\hardware\avr\1.8.5\cores\arduino\abi.cpp"   -o "core\core\abi.cpp.o"
'Finished building: D:\PROGRAMAS\Sloeber\arduinoPlugin\packages\arduino\hardware\avr\1.8.5\cores\arduino\abi.cpp'
' '
'Building file: D:\PROGRAMAS\Sloeber\arduinoPlugin\packages\arduino\hardware\avr\1.8.5\cores\arduino\hooks.c'
'Starting C compile'
"D:\PROGRAMAS\Sloeber\arduinoPlugin\packages\arduino\tools\avr-gcc\7.3.0-atmel3.6.1-arduino7/bin/avr-gcc" -c -g -Os -w -std=gnu11 -ffunction-sections -fdata-sections -MMD -flto -fno-fat-lto-objects -mmcu=atmega1280 -DF_CPU=16000000L -DARDUINO=10812 -DARDUINO_AVR_MEGA -DARDUINO_ARCH_AVR     -I"D:\PROGRAMAS\Sloeber\arduinoPlugin\packages\arduino\hardware\avr\1.8.5\cores\arduino" -I"D:\PROGRAMAS\Sloeber\arduinoPlugin\packages\arduino\hardware\avr\1.8.5\variants\mega" -I"C:\Users\antonio\Documents\Arduino\libraries\Servo\src" -MMD -MP -MF"core\core\hooks.c.d" -MT"core\core\hooks.c.o" -D__IN_ECLIPSE__=1 "D:\PROGRAMAS\Sloeber\arduinoPlugin\packages\arduino\hardware\avr\1.8.5\cores\arduino\hooks.c"   -o "core\core\hooks.c.o"
'Finished building: D:\PROGRAMAS\Sloeber\arduinoPlugin\packages\arduino\hardware\avr\1.8.5\cores\arduino\hooks.c'
' '
'Building file: D:\PROGRAMAS\Sloeber\arduinoPlugin\packages\arduino\hardware\avr\1.8.5\cores\arduino\main.cpp'
'Starting C++ compile'
"D:\PROGRAMAS\Sloeber\arduinoPlugin\packages\arduino\tools\avr-gcc\7.3.0-atmel3.6.1-arduino7/bin/avr-g++" -c -g -Os -w -std=gnu++11 -fpermissive -fno-exceptions -ffunction-sections -fdata-sections -fno-threadsafe-statics -Wno-error=narrowing -MMD -flto -mmcu=atmega1280 -DF_CPU=16000000L -DARDUINO=10812 -DARDUINO_AVR_MEGA -DARDUINO_ARCH_AVR     -I"D:\PROGRAMAS\Sloeber\arduinoPlugin\packages\arduino\hardware\avr\1.8.5\cores\arduino" -I"D:\PROGRAMAS\Sloeber\arduinoPlugin\packages\arduino\hardware\avr\1.8.5\variants\mega" -I"C:\Users\antonio\Documents\Arduino\libraries\Servo\src" -MMD -MP -MF"core\core\main.cpp.d" -MT"core\core\main.cpp.o" -D__IN_ECLIPSE__=1 -x c++ "D:\PROGRAMAS\Sloeber\arduinoPlugin\packages\arduino\hardware\avr\1.8.5\cores\arduino\main.cpp"   -o "core\core\main.cpp.o"
'Finished building: D:\PROGRAMAS\Sloeber\arduinoPlugin\packages\arduino\hardware\avr\1.8.5\cores\arduino\main.cpp'
' '
'Building file: D:\PROGRAMAS\Sloeber\arduinoPlugin\packages\arduino\hardware\avr\1.8.5\cores\arduino\new.cpp'
'Starting C++ compile'
"D:\PROGRAMAS\Sloeber\arduinoPlugin\packages\arduino\tools\avr-gcc\7.3.0-atmel3.6.1-arduino7/bin/avr-g++" -c -g -Os -w -std=gnu++11 -fpermissive -fno-exceptions -ffunction-sections -fdata-sections -fno-threadsafe-statics -Wno-error=narrowing -MMD -flto -mmcu=atmega1280 -DF_CPU=16000000L -DARDUINO=10812 -DARDUINO_AVR_MEGA -DARDUINO_ARCH_AVR     -I"D:\PROGRAMAS\Sloeber\arduinoPlugin\packages\arduino\hardware\avr\1.8.5\cores\arduino" -I"D:\PROGRAMAS\Sloeber\arduinoPlugin\packages\arduino\hardware\avr\1.8.5\variants\mega" -I"C:\Users\antonio\Documents\Arduino\libraries\Servo\src" -MMD -MP -MF"core\core\new.cpp.d" -MT"core\core\new.cpp.o" -D__IN_ECLIPSE__=1 -x c++ "D:\PROGRAMAS\Sloeber\arduinoPlugin\packages\arduino\hardware\avr\1.8.5\cores\arduino\new.cpp"   -o "core\core\new.cpp.o"
'Finished building: D:\PROGRAMAS\Sloeber\arduinoPlugin\packages\arduino\hardware\avr\1.8.5\cores\arduino\new.cpp'
' '
'Building file: D:\PROGRAMAS\Sloeber\arduinoPlugin\packages\arduino\hardware\avr\1.8.5\cores\arduino\wiring.c'
'Starting C compile'
"D:\PROGRAMAS\Sloeber\arduinoPlugin\packages\arduino\tools\avr-gcc\7.3.0-atmel3.6.1-arduino7/bin/avr-gcc" -c -g -Os -w -std=gnu11 -ffunction-sections -fdata-sections -MMD -flto -fno-fat-lto-objects -mmcu=atmega1280 -DF_CPU=16000000L -DARDUINO=10812 -DARDUINO_AVR_MEGA -DARDUINO_ARCH_AVR     -I"D:\PROGRAMAS\Sloeber\arduinoPlugin\packages\arduino\hardware\avr\1.8.5\cores\arduino" -I"D:\PROGRAMAS\Sloeber\arduinoPlugin\packages\arduino\hardware\avr\1.8.5\variants\mega" -I"C:\Users\antonio\Documents\Arduino\libraries\Servo\src" -MMD -MP -MF"core\core\wiring.c.d" -MT"core\core\wiring.c.o" -D__IN_ECLIPSE__=1 "D:\PROGRAMAS\Sloeber\arduinoPlugin\packages\arduino\hardware\avr\1.8.5\cores\arduino\wiring.c"   -o "core\core\wiring.c.o"
'Finished building: D:\PROGRAMAS\Sloeber\arduinoPlugin\packages\arduino\hardware\avr\1.8.5\cores\arduino\wiring.c'
' '
'Building file: D:\PROGRAMAS\Sloeber\arduinoPlugin\packages\arduino\hardware\avr\1.8.5\cores\arduino\wiring_analog.c'
'Starting C compile'
"D:\PROGRAMAS\Sloeber\arduinoPlugin\packages\arduino\tools\avr-gcc\7.3.0-atmel3.6.1-arduino7/bin/avr-gcc" -c -g -Os -w -std=gnu11 -ffunction-sections -fdata-sections -MMD -flto -fno-fat-lto-objects -mmcu=atmega1280 -DF_CPU=16000000L -DARDUINO=10812 -DARDUINO_AVR_MEGA -DARDUINO_ARCH_AVR     -I"D:\PROGRAMAS\Sloeber\arduinoPlugin\packages\arduino\hardware\avr\1.8.5\cores\arduino" -I"D:\PROGRAMAS\Sloeber\arduinoPlugin\packages\arduino\hardware\avr\1.8.5\variants\mega" -I"C:\Users\antonio\Documents\Arduino\libraries\Servo\src" -MMD -MP -MF"core\core\wiring_analog.c.d" -MT"core\core\wiring_analog.c.o" -D__IN_ECLIPSE__=1 "D:\PROGRAMAS\Sloeber\arduinoPlugin\packages\arduino\hardware\avr\1.8.5\cores\arduino\wiring_analog.c"   -o "core\core\wiring_analog.c.o"
'Finished building: D:\PROGRAMAS\Sloeber\arduinoPlugin\packages\arduino\hardware\avr\1.8.5\cores\arduino\wiring_analog.c'
' '
'Building file: D:\PROGRAMAS\Sloeber\arduinoPlugin\packages\arduino\hardware\avr\1.8.5\cores\arduino\wiring_digital.c'
'Starting C compile'
"D:\PROGRAMAS\Sloeber\arduinoPlugin\packages\arduino\tools\avr-gcc\7.3.0-atmel3.6.1-arduino7/bin/avr-gcc" -c -g -Os -w -std=gnu11 -ffunction-sections -fdata-sections -MMD -flto -fno-fat-lto-objects -mmcu=atmega1280 -DF_CPU=16000000L -DARDUINO=10812 -DARDUINO_AVR_MEGA -DARDUINO_ARCH_AVR     -I"D:\PROGRAMAS\Sloeber\arduinoPlugin\packages\arduino\hardware\avr\1.8.5\cores\arduino" -I"D:\PROGRAMAS\Sloeber\arduinoPlugin\packages\arduino\hardware\avr\1.8.5\variants\mega" -I"C:\Users\antonio\Documents\Arduino\libraries\Servo\src" -MMD -MP -MF"core\core\wiring_digital.c.d" -MT"core\core\wiring_digital.c.o" -D__IN_ECLIPSE__=1 "D:\PROGRAMAS\Sloeber\arduinoPlugin\packages\arduino\hardware\avr\1.8.5\cores\arduino\wiring_digital.c"   -o "core\core\wiring_digital.c.o"
'Finished building: D:\PROGRAMAS\Sloeber\arduinoPlugin\packages\arduino\hardware\avr\1.8.5\cores\arduino\wiring_digital.c'
' '
'Building file: D:\PROGRAMAS\Sloeber\arduinoPlugin\packages\arduino\hardware\avr\1.8.5\cores\arduino\wiring_pulse.S'
'Starting S compile'
"D:\PROGRAMAS\Sloeber\arduinoPlugin\packages\arduino\tools\avr-gcc\7.3.0-atmel3.6.1-arduino7/bin/avr-gcc" -c -g -x assembler-with-cpp -flto -MMD -mmcu=atmega1280 -DF_CPU=16000000L -DARDUINO=10812 -DARDUINO_AVR_MEGA -DARDUINO_ARCH_AVR     -I"D:\PROGRAMAS\Sloeber\arduinoPlugin\packages\arduino\hardware\avr\1.8.5\cores\arduino" -I"D:\PROGRAMAS\Sloeber\arduinoPlugin\packages\arduino\hardware\avr\1.8.5\variants\mega" -I"C:\Users\antonio\Documents\Arduino\libraries\Servo\src" -MMD -MP -MF"core\core\wiring_pulse.S.d" -MT"core\core\wiring_pulse.S.o"  "D:\PROGRAMAS\Sloeber\arduinoPlugin\packages\arduino\hardware\avr\1.8.5\cores\arduino\wiring_pulse.S"   -o "core\core\wiring_pulse.S.o"
'Finished building: D:\PROGRAMAS\Sloeber\arduinoPlugin\packages\arduino\hardware\avr\1.8.5\cores\arduino\wiring_pulse.S'
' '
'Building file: D:\PROGRAMAS\Sloeber\arduinoPlugin\packages\arduino\hardware\avr\1.8.5\cores\arduino\wiring_pulse.c'
'Starting C compile'
"D:\PROGRAMAS\Sloeber\arduinoPlugin\packages\arduino\tools\avr-gcc\7.3.0-atmel3.6.1-arduino7/bin/avr-gcc" -c -g -Os -w -std=gnu11 -ffunction-sections -fdata-sections -MMD -flto -fno-fat-lto-objects -mmcu=atmega1280 -DF_CPU=16000000L -DARDUINO=10812 -DARDUINO_AVR_MEGA -DARDUINO_ARCH_AVR     -I"D:\PROGRAMAS\Sloeber\arduinoPlugin\packages\arduino\hardware\avr\1.8.5\cores\arduino" -I"D:\PROGRAMAS\Sloeber\arduinoPlugin\packages\arduino\hardware\avr\1.8.5\variants\mega" -I"C:\Users\antonio\Documents\Arduino\libraries\Servo\src" -MMD -MP -MF"core\core\wiring_pulse.c.d" -MT"core\core\wiring_pulse.c.o" -D__IN_ECLIPSE__=1 "D:\PROGRAMAS\Sloeber\arduinoPlugin\packages\arduino\hardware\avr\1.8.5\cores\arduino\wiring_pulse.c"   -o "core\core\wiring_pulse.c.o"
'Finished building: D:\PROGRAMAS\Sloeber\arduinoPlugin\packages\arduino\hardware\avr\1.8.5\cores\arduino\wiring_pulse.c'
' '
'Building file: D:\PROGRAMAS\Sloeber\arduinoPlugin\packages\arduino\hardware\avr\1.8.5\cores\arduino\wiring_shift.c'
'Starting C compile'
"D:\PROGRAMAS\Sloeber\arduinoPlugin\packages\arduino\tools\avr-gcc\7.3.0-atmel3.6.1-arduino7/bin/avr-gcc" -c -g -Os -w -std=gnu11 -ffunction-sections -fdata-sections -MMD -flto -fno-fat-lto-objects -mmcu=atmega1280 -DF_CPU=16000000L -DARDUINO=10812 -DARDUINO_AVR_MEGA -DARDUINO_ARCH_AVR     -I"D:\PROGRAMAS\Sloeber\arduinoPlugin\packages\arduino\hardware\avr\1.8.5\cores\arduino" -I"D:\PROGRAMAS\Sloeber\arduinoPlugin\packages\arduino\hardware\avr\1.8.5\variants\mega" -I"C:\Users\antonio\Documents\Arduino\libraries\Servo\src" -MMD -MP -MF"core\core\wiring_shift.c.d" -MT"core\core\wiring_shift.c.o" -D__IN_ECLIPSE__=1 "D:\PROGRAMAS\Sloeber\arduinoPlugin\packages\arduino\hardware\avr\1.8.5\cores\arduino\wiring_shift.c"   -o "core\core\wiring_shift.c.o"
'Finished building: D:\PROGRAMAS\Sloeber\arduinoPlugin\packages\arduino\hardware\avr\1.8.5\cores\arduino\wiring_shift.c'
' '
'Starting archiver'
"D:\PROGRAMAS\Sloeber\arduinoPlugin\packages\arduino\tools\avr-gcc\7.3.0-atmel3.6.1-arduino7/bin/avr-gcc-ar" rcs     D:\GDRIVE\TONI\PROY\DANI\ECLIPSE_SLOEBER\DANI\DANI\Release/arduino.ar  .\core\core\CDC.cpp.o .\core\core\HardwareSerial.cpp.o .\core\core\HardwareSerial0.cpp.o .\core\core\HardwareSerial1.cpp.o .\core\core\HardwareSerial2.cpp.o .\core\core\HardwareSerial3.cpp.o .\core\core\IPAddress.cpp.o .\core\core\PluggableUSB.cpp.o .\core\core\Print.cpp.o .\core\core\Stream.cpp.o .\core\core\Tone.cpp.o .\core\core\USBCore.cpp.o .\core\core\WInterrupts.c.o .\core\core\WMath.cpp.o .\core\core\WString.cpp.o .\core\core\abi.cpp.o .\core\core\hooks.c.o .\core\core\main.cpp.o .\core\core\new.cpp.o .\core\core\wiring.c.o .\core\core\wiring_analog.c.o .\core\core\wiring_digital.c.o .\core\core\wiring_pulse.S.o .\core\core\wiring_pulse.c.o .\core\core\wiring_shift.c.o 
'Finished building: D:\GDRIVE\TONI\PROY\DANI\ECLIPSE_SLOEBER\DANI\DANI\Release\arduino.ar'
' '
'Starting combiner'
"D:\PROGRAMAS\Sloeber\arduinoPlugin\packages\arduino\tools\avr-gcc\7.3.0-atmel3.6.1-arduino7/bin/avr-gcc" -w -Os -g -flto -fuse-linker-plugin -Wl,--gc-sections -mmcu=atmega1280   -o "D:\GDRIVE\TONI\PROY\DANI\ECLIPSE_SLOEBER\DANI\DANI\Release/DANI.elf"    .\sloeber.ino.cpp.o  .\libraries\Servo\src\stm32f4\Servo.cpp.o  .\libraries\Servo\src\samd\Servo.cpp.o  .\libraries\Servo\src\sam\Servo.cpp.o  .\libraries\Servo\src\nrf52\Servo.cpp.o  .\libraries\Servo\src\megaavr\Servo.cpp.o  .\libraries\Servo\src\mbed\Servo.cpp.o  .\libraries\Servo\src\avr\Servo.cpp.o     D:\GDRIVE\TONI\PROY\DANI\ECLIPSE_SLOEBER\DANI\DANI\Release/arduino.ar  "-LD:\GDRIVE\TONI\PROY\DANI\ECLIPSE_SLOEBER\DANI\DANI\Release" -lm
'Finished building: DANI.elf'
' '
'Do all objcopy commands'
"D:\PROGRAMAS\Sloeber\arduinoPlugin\packages\arduino\tools\avr-gcc\7.3.0-atmel3.6.1-arduino7/bin/avr-objcopy" -O ihex -j .eeprom --set-section-flags=.eeprom=alloc,load --no-change-warnings --change-section-lma .eeprom=0  "D:\GDRIVE\TONI\PROY\DANI\ECLIPSE_SLOEBER\DANI\DANI\Release/DANI.elf" "D:\GDRIVE\TONI\PROY\DANI\ECLIPSE_SLOEBER\DANI\DANI\Release/DANI.eep"
"D:\PROGRAMAS\Sloeber\arduinoPlugin\packages\arduino\tools\avr-gcc\7.3.0-atmel3.6.1-arduino7/bin/avr-objcopy" -O ihex -R .eeprom  "D:\GDRIVE\TONI\PROY\DANI\ECLIPSE_SLOEBER\DANI\DANI\Release/DANI.elf" "D:\GDRIVE\TONI\PROY\DANI\ECLIPSE_SLOEBER\DANI\DANI\Release/DANI.hex"
'Finished building: DANI.hex'
' '
'Building target: DANI'
'Printing size:'
"D:\PROGRAMAS\Sloeber\arduinoPlugin\packages\arduino\tools\avr-gcc\7.3.0-atmel3.6.1-arduino7/bin/avr-size" -A "D:\GDRIVE\TONI\PROY\DANI\ECLIPSE_SLOEBER\DANI\DANI\Release/DANI.elf"
D:\GDRIVE\TONI\PROY\DANI\ECLIPSE_SLOEBER\DANI\DANI\Release/DANI.elf  :
section                     size      addr
.data                        370   8389120
.text                      13012         0
.bss                        1437   8389490
.comment                      17         0
.note.gnu.avr.deviceinfo      64         0
.debug_aranges               528         0
.debug_info                25756         0
.debug_abbrev               5402         0
.debug_line                 8880         0
.debug_frame                2912         0
.debug_str                  4867         0
.debug_loc                 17462         0
.debug_ranges               1136         0
Total                      81843


'Finished building target: DANI'
' '
10:36:24 **** Incremental Build of configuration Release for project DANI ****
"D:\\PROGRAMAS\\Sloeber\\arduinoPlugin\\tools\\make\\make" all 
'Building file: ..\sloeber.ino.cpp'
'Starting C++ compile'
"D:\PROGRAMAS\Sloeber\arduinoPlugin\packages\arduino\tools\avr-gcc\7.3.0-atmel3.6.1-arduino7/bin/avr-g++" -c -g -Os -w -std=gnu++11 -fpermissive -fno-exceptions -ffunction-sections -fdata-sections -fno-threadsafe-statics -Wno-error=narrowing -MMD -flto -mmcu=atmega1280 -DF_CPU=16000000L -DARDUINO=10812 -DARDUINO_AVR_MEGA -DARDUINO_ARCH_AVR     -I"D:\PROGRAMAS\Sloeber\arduinoPlugin\packages\arduino\hardware\avr\1.8.5\cores\arduino" -I"D:\PROGRAMAS\Sloeber\arduinoPlugin\packages\arduino\hardware\avr\1.8.5\variants\mega" -I"C:\Users\antonio\Documents\Arduino\libraries\Servo\src" -MMD -MP -MF"sloeber.ino.cpp.d" -MT"sloeber.ino.cpp.o" -D__IN_ECLIPSE__=1 -x c++ "..\sloeber.ino.cpp"   -o "sloeber.ino.cpp.o"
'Finished building: ..\sloeber.ino.cpp'
' '
'Starting combiner'
"D:\PROGRAMAS\Sloeber\arduinoPlugin\packages\arduino\tools\avr-gcc\7.3.0-atmel3.6.1-arduino7/bin/avr-gcc" -w -Os -g -flto -fuse-linker-plugin -Wl,--gc-sections -mmcu=atmega1280   -o "D:\GDRIVE\TONI\PROY\DANI\ECLIPSE_SLOEBER\DANI\DANI\Release/DANI.elf"    .\sloeber.ino.cpp.o  .\libraries\Servo\src\stm32f4\Servo.cpp.o  .\libraries\Servo\src\samd\Servo.cpp.o  .\libraries\Servo\src\sam\Servo.cpp.o  .\libraries\Servo\src\nrf52\Servo.cpp.o  .\libraries\Servo\src\megaavr\Servo.cpp.o  .\libraries\Servo\src\mbed\Servo.cpp.o  .\libraries\Servo\src\avr\Servo.cpp.o     D:\GDRIVE\TONI\PROY\DANI\ECLIPSE_SLOEBER\DANI\DANI\Release/arduino.ar  "-LD:\GDRIVE\TONI\PROY\DANI\ECLIPSE_SLOEBER\DANI\DANI\Release" -lm
'Finished building: DANI.elf'
' '
'Do all objcopy commands'
"D:\PROGRAMAS\Sloeber\arduinoPlugin\packages\arduino\tools\avr-gcc\7.3.0-atmel3.6.1-arduino7/bin/avr-objcopy" -O ihex -j .eeprom --set-section-flags=.eeprom=alloc,load --no-change-warnings --change-section-lma .eeprom=0  "D:\GDRIVE\TONI\PROY\DANI\ECLIPSE_SLOEBER\DANI\DANI\Release/DANI.elf" "D:\GDRIVE\TONI\PROY\DANI\ECLIPSE_SLOEBER\DANI\DANI\Release/DANI.eep"
"D:\PROGRAMAS\Sloeber\arduinoPlugin\packages\arduino\tools\avr-gcc\7.3.0-atmel3.6.1-arduino7/bin/avr-objcopy" -O ihex -R .eeprom  "D:\GDRIVE\TONI\PROY\DANI\ECLIPSE_SLOEBER\DANI\DANI\Release/DANI.elf" "D:\GDRIVE\TONI\PROY\DANI\ECLIPSE_SLOEBER\DANI\DANI\Release/DANI.hex"
'Finished building: DANI.hex'
' '
'Building target: DANI'
'Printing size:'
"D:\PROGRAMAS\Sloeber\arduinoPlugin\packages\arduino\tools\avr-gcc\7.3.0-atmel3.6.1-arduino7/bin/avr-size" -A "D:\GDRIVE\TONI\PROY\DANI\ECLIPSE_SLOEBER\DANI\DANI\Release/DANI.elf"
D:\GDRIVE\TONI\PROY\DANI\ECLIPSE_SLOEBER\DANI\DANI\Release/DANI.elf  :
section                     size      addr
.data                        394   8389120
.text                      13012         0
.bss                        1437   8389514
.comment                      17         0
.note.gnu.avr.deviceinfo      64         0
.debug_aranges               528         0
.debug_info                25636         0
.debug_abbrev               5402         0
.debug_line                 8891         0
.debug_frame                2896         0
.debug_str                  4867         0
.debug_loc                 17333         0
.debug_ranges               1160         0
Total                      81637


'Finished building target: DANI'
' '
10:36:43 **** Incremental Build of configuration Release for project DANI ****
"D:\\PROGRAMAS\\Sloeber\\arduinoPlugin\\tools\\make\\make" all 
'Building target: DANI'
'Printing size:'
"D:\PROGRAMAS\Sloeber\arduinoPlugin\packages\arduino\tools\avr-gcc\7.3.0-atmel3.6.1-arduino7/bin/avr-size" -A "D:\GDRIVE\TONI\PROY\DANI\ECLIPSE_SLOEBER\DANI\DANI\Release/DANI.elf"
D:\GDRIVE\TONI\PROY\DANI\ECLIPSE_SLOEBER\DANI\DANI\Release/DANI.elf  :
section                     size      addr
.data                        394   8389120
.text                      13012         0
.bss                        1437   8389514
.comment                      17         0
.note.gnu.avr.deviceinfo      64         0
.debug_aranges               528         0
.debug_info                25636         0
.debug_abbrev               5402         0
.debug_line                 8891         0
.debug_frame                2896         0
.debug_str                  4867         0
.debug_loc                 17333         0
.debug_ranges               1160         0
Total                      81637


'Finished building target: DANI'
' '
10:37:23 **** Incremental Build of configuration Release for project DANI ****
"D:\\PROGRAMAS\\Sloeber\\arduinoPlugin\\tools\\make\\make" all 
'Building target: DANI'
'Printing size:'
"D:\PROGRAMAS\Sloeber\arduinoPlugin\packages\arduino\tools\avr-gcc\7.3.0-atmel3.6.1-arduino7/bin/avr-size" -A "D:\GDRIVE\TONI\PROY\DANI\ECLIPSE_SLOEBER\DANI\DANI\Release/DANI.elf"
D:\GDRIVE\TONI\PROY\DANI\ECLIPSE_SLOEBER\DANI\DANI\Release/DANI.elf  :
section                     size      addr
.data                        394   8389120
.text                      13012         0
.bss                        1437   8389514
.comment                      17         0
.note.gnu.avr.deviceinfo      64         0
.debug_aranges               528         0
.debug_info                25636         0
.debug_abbrev               5402         0
.debug_line                 8891         0
.debug_frame                2896         0
.debug_str                  4867         0
.debug_loc                 17333         0
.debug_ranges               1160         0
Total                      81637


'Finished building target: DANI'
' '
10:37:46 **** Incremental Build of configuration Release for project DANI ****
"D:\\PROGRAMAS\\Sloeber\\arduinoPlugin\\tools\\make\\make" all 
'Building target: DANI'
'Printing size:'
"D:\PROGRAMAS\Sloeber\arduinoPlugin\packages\arduino\tools\avr-gcc\7.3.0-atmel3.6.1-arduino7/bin/avr-size" -A "D:\GDRIVE\TONI\PROY\DANI\ECLIPSE_SLOEBER\DANI\DANI\Release/DANI.elf"
D:\GDRIVE\TONI\PROY\DANI\ECLIPSE_SLOEBER\DANI\DANI\Release/DANI.elf  :
section                     size      addr
.data                        394   8389120
.text                      13012         0
.bss                        1437   8389514
.comment                      17         0
.note.gnu.avr.deviceinfo      64         0
.debug_aranges               528         0
.debug_info                25636         0
.debug_abbrev               5402         0
.debug_line                 8891         0
.debug_frame                2896         0
.debug_str                  4867         0
.debug_loc                 17333         0
.debug_ranges               1160         0
Total                      81637


'Finished building target: DANI'
' '
10:37:52 **** Incremental Build of configuration Release for project DANI ****
"D:\\PROGRAMAS\\Sloeber\\arduinoPlugin\\tools\\make\\make" all 
'Building target: DANI'
'Printing size:'
"D:\PROGRAMAS\Sloeber\arduinoPlugin\packages\arduino\tools\avr-gcc\7.3.0-atmel3.6.1-arduino7/bin/avr-size" -A "D:\GDRIVE\TONI\PROY\DANI\ECLIPSE_SLOEBER\DANI\DANI\Release/DANI.elf"
D:\GDRIVE\TONI\PROY\DANI\ECLIPSE_SLOEBER\DANI\DANI\Release/DANI.elf  :
section                     size      addr
.data                        394   8389120
.text                      13012         0
.bss                        1437   8389514
.comment                      17         0
.note.gnu.avr.deviceinfo      64         0
.debug_aranges               528         0
.debug_info                25636         0
.debug_abbrev               5402         0
.debug_line                 8891         0
.debug_frame                2896         0
.debug_str                  4867         0
.debug_loc                 17333         0
.debug_ranges               1160         0
Total                      81637


'Finished building target: DANI'
' '
17:54:51 **** Build of configuration Release for project DANI ****
"D:\\PROGRAMAS\\Sloeber\\arduinoPlugin\\tools\\make\\make" all 
'Building target: DANI'
'Printing size:'
"D:\PROGRAMAS\Sloeber\arduinoPlugin\packages\arduino\tools\avr-gcc\7.3.0-atmel3.6.1-arduino7/bin/avr-size" -A "D:\GDRIVE\TONI\PROY\GITHUB\DANI\ECLIPSE_SLOEBER\DANI\DANI\Release/DANI.elf"
D:\GDRIVE\TONI\PROY\GITHUB\DANI\ECLIPSE_SLOEBER\DANI\DANI\Release/DANI.elf  :
section                     size      addr
.data                        394   8389120
.text                      13012         0
.bss                        1437   8389514
.comment                      17         0
.note.gnu.avr.deviceinfo      64         0
.debug_aranges               528         0
.debug_info                25636         0
.debug_abbrev               5402         0
.debug_line                 8891         0
.debug_frame                2896         0
.debug_str                  4867         0
.debug_loc                 17333         0
.debug_ranges               1160         0
Total                      81637


'Finished building target: DANI'
' '
